0	323.801
1	323.834
2	323.88
3	323.93
4	323.982
5	324.035
6	324.087
7	324.14
8	324.193
9	324.248
10	324.305
11	324.364
12	324.426
13	324.493
14	324.567
15	324.649
16	324.742
17	324.852
18	324.98
19	325.122
20	325.268
21	325.407
22	325.534
23	325.657
24	325.792
25	325.97
26	326.251
27	326.769
28	327.818
29	328.681
30	328.97
31	328.819
32	328.066
33	327.981
34	328.431
35	329.626
36	332.273
37	338.058
38	341.674
39	343.215
40	343.693
41	343.447
42	342.38
43	339.888
44	334.459
45	329.73
46	327.459
47	326.31
48	325.683
49	325.308
50	325.06
51	324.881
52	324.743
53	324.629
54	324.531
55	324.445
56	324.367
57	324.294
58	324.226
59	324.162
60	324.1
61	324.042
62	323.99
63	323.955
64	323.796
65	323.829
66	323.876
67	323.928
68	323.982
69	324.036
70	324.09
71	324.145
72	324.2
73	324.257
74	324.316
75	324.377
76	324.442
77	324.513
78	324.59
79	324.678
80	324.781
81	324.908
82	325.07
83	325.273
84	325.485
85	325.662
86	325.808
87	325.939
88	326.077
89	326.25
90	326.516
91	326.999
92	327.987
93	328.801
94	329.075
95	328.932
96	328.198
97	328.122
98	328.551
99	329.672
100	332.151
101	337.639
102	341.037
103	342.465
104	342.897
105	342.65
106	341.631
107	339.266
108	334.079
109	329.57
110	327.411
111	326.311
112	325.703
113	325.333
114	325.086
115	324.906
116	324.764
117	324.648
118	324.548
119	324.459
120	324.378
121	324.304
122	324.234
123	324.167
124	324.103
125	324.043
126	323.991
127	323.954
128	323.79
129	323.824
130	323.872
131	323.926
132	323.982
133	324.038
134	324.095
135	324.152
136	324.21
137	324.27
138	324.331
139	324.396
140	324.466
141	324.541
142	324.625
143	324.722
144	324.842
145	325.002
146	325.237
147	325.612
148	326.028
149	326.289
150	326.471
151	326.617
152	326.757
153	326.918
154	327.15
155	327.548
156	328.335
157	328.991
158	329.231
159	329.124
160	328.453
161	328.411
162	328.807
163	329.773
164	331.845
165	336.35
166	339.148
167	340.325
168	340.662
169	340.413
170	339.493
171	337.43
172	333.029
173	329.182
174	327.284
175	326.285
176	325.716
177	325.361
178	325.117
179	324.936
180	324.792
181	324.673
182	324.569
183	324.478
184	324.394
185	324.317
186	324.244
187	324.175
188	324.109
189	324.047
190	323.993
191	323.955
192	323.785
193	323.82
194	323.869
195	323.924
196	323.982
197	324.041
198	324.1
199	324.159
200	324.221
201	324.283
202	324.349
203	324.418
204	324.491
205	324.572
206	324.663
207	324.772
208	324.912
209	325.112
210	325.439
211	326.058
212	326.767
213	327.136
214	327.36
215	327.523
216	327.663
217	327.807
218	327.988
219	328.264
220	328.738
221	329.161
222	329.382
223	329.391
224	328.92
225	328.996
226	329.381
227	330.15
228	331.655
229	334.645
230	336.567
231	337.397
232	337.605
233	337.346
234	336.543
235	334.863
236	331.597
237	328.685
238	327.115
239	326.241
240	325.719
241	325.382
242	325.145
243	324.964
244	324.819
245	324.697
246	324.591
247	324.497
248	324.41
249	324.33
250	324.255
251	324.183
252	324.114
253	324.051
254	323.995
255	323.957
256	323.781
257	323.816
258	323.867
259	323.923
260	323.983
261	324.043
262	324.105
263	324.167
264	324.231
265	324.297
266	324.366
267	324.439
268	324.517
269	324.604
270	324.703
271	324.823
272	324.982
273	325.215
274	325.605
275	326.335
276	327.165
277	327.604
278	327.862
279	328.038
280	328.176
281	328.299
282	328.425
283	328.582
284	328.844
285	329.125
286	329.404
287	329.727
288	329.88
289	330.273
290	330.72
291	331.321
292	332.342
293	334.417
294	335.681
295	336.184
296	336.254
297	335.968
298	335.237
299	333.764
300	330.905
301	328.359
302	326.982
303	326.198
304	325.717
305	325.397
306	325.167
307	324.988
308	324.843
309	324.719
310	324.611
311	324.514
312	324.425
313	324.343
314	324.265
315	324.191
316	324.12
317	324.055
318	323.998
319	323.96
320	323.778
321	323.814
322	323.865
323	323.923
324	323.984
325	324.046
326	324.11
327	324.175
328	324.241
329	324.31
330	324.383
331	324.459
332	324.543
333	324.635
334	324.742
335	324.873
336	325.047
337	325.308
338	325.746
339	326.551
340	327.464
341	327.953
342	328.238
343	328.425
344	328.559
345	328.658
346	328.72
347	328.717
348	328.577
349	328.587
350	328.98
351	329.954
352	332.138
353	333.194
354	333.794
355	334.241
356	334.694
357	335.227
358	335.593
359	335.737
360	335.665
361	335.342
362	334.642
363	333.265
364	330.564
365	328.17
366	326.893
367	326.164
368	325.713
369	325.407
370	325.183
371	325.007
372	324.862
373	324.738
374	324.628
375	324.529
376	324.438
377	324.353
378	324.274
379	324.198
380	324.126
381	324.059
382	324.002
383	323.962
384	323.776
385	323.812
386	323.864
387	323.923
388	323.985
389	324.049
390	324.115
391	324.182
392	324.251
393	324.322
394	324.398
395	324.479
396	324.566
397	324.664
398	324.778
399	324.919
400	325.109
401	325.393
402	325.877
403	326.787
404	327.823
405	328.362
406	328.671
407	328.866
408	328.997
409	329.076
410	329.081
411	328.932
412	328.407
413	328.151
414	328.629
415	330.139
416	333.913
417	335.52
418	336.254
419	336.592
420	336.616
421	336
422	335.69
423	335.563
424	335.384
425	335.029
426	334.34
427	333.009
428	330.378
429	328.054
430	326.831
431	326.137
432	325.706
433	325.412
434	325.194
435	325.021
436	324.877
437	324.752
438	324.642
439	324.541
440	324.449
441	324.363
442	324.281
443	324.204
444	324.131
445	324.063
446	324.005
447	323.965
448	323.775
449	323.811
450	323.863
451	323.923
452	323.986
453	324.052
454	324.119
455	324.188
456	324.259
457	324.333
458	324.412
459	324.496
460	324.588
461	324.691
462	324.812
463	324.962
464	325.164
465	325.467
466	325.979
467	326.954
468	328.067
469	328.638
470	328.963
471	329.167
472	329.297
473	329.364
474	329.337
475	329.117
476	328.436
477	328.066
478	328.551
479	330.203
480	334.299
481	336.056
482	336.823
483	337.112
484	336.996
485	336.12
486	335.623
487	335.399
488	335.177
489	334.81
490	334.133
491	332.833
492	330.245
493	327.966
494	326.779
495	326.111
496	325.697
497	325.413
498	325.201
499	325.031
500	324.888
501	324.763
502	324.652
503	324.551
504	324.457
505	324.37
506	324.287
507	324.209
508	324.135
509	324.066
510	324.007
511	323.967
512	323.773
513	323.809
514	323.862
515	323.923
516	323.987
517	324.053
518	324.122
519	324.193
520	324.266
521	324.343
522	324.424
523	324.511
524	324.608
525	324.716
526	324.843
527	325.002
528	325.215
529	325.531
530	326.044
531	326.948
532	327.961
533	328.527
534	328.862
535	329.074
536	329.209
537	329.274
538	329.242
539	329.027
540	328.434
541	328.103
542	328.509
543	329.959
544	333.653
545	335.209
546	335.895
547	336.182
548	336.172
549	335.586
550	335.267
551	335.107
552	334.905
553	334.553
554	333.899
555	332.637
556	330.099
557	327.87
558	326.722
559	326.08
560	325.683
561	325.409
562	325.203
563	325.036
564	324.894
565	324.77
566	324.659
567	324.557
568	324.463
569	324.375
570	324.291
571	324.212
572	324.137
573	324.068
574	324.009
575	323.968
576	323.771
577	323.808
578	323.861
579	323.922
580	323.987
581	324.055
582	324.124
583	324.196
584	324.271
585	324.35
586	324.434
587	324.524
588	324.624
589	324.738
590	324.872
591	325.04
592	325.268
593	325.606
594	326.149
595	327.08
596	328.12
597	328.715
598	329.073
599	329.299
600	329.443
601	329.514
602	329.49
603	329.288
604	328.718
605	328.351
606	328.559
607	329.418
608	331.354
609	332.319
610	332.813
611	333.124
612	333.461
613	334.195
614	334.541
615	334.576
616	334.439
617	334.121
618	333.509
619	332.313
620	329.87
621	327.732
622	326.645
623	326.04
624	325.663
625	325.401
626	325.201
627	325.037
628	324.897
629	324.774
630	324.663
631	324.561
632	324.467
633	324.378
634	324.294
635	324.214
636	324.139
637	324.069
638	324.01
639	323.969
640	323.769
641	323.806
642	323.859
643	323.921
644	323.986
645	324.055
646	324.125
647	324.199
648	324.275
649	324.356
650	324.442
651	324.535
652	324.638
653	324.756
654	324.897
655	325.077
656	325.325
657	325.702
658	326.323
659	327.396
660	328.592
661	329.276
662	329.679
663	329.928
664	330.085
665	330.169
666	330.162
667	329.993
668	329.47
669	329.079
670	329.083
671	329.389
672	330.121
673	330.522
674	330.792
675	331.068
676	331.564
677	332.84
678	333.497
679	333.646
680	333.557
681	333.278
682	332.729
683	331.661
684	329.446
685	327.513
686	326.539
687	325.988
688	325.638
689	325.389
690	325.195
691	325.035
692	324.897
693	324.775
694	324.665
695	324.563
696	324.468
697	324.379
698	324.295
699	324.215
700	324.139
701	324.069
702	324.009
703	323.969
704	323.767
705	323.804
706	323.857
707	323.919
708	323.985
709	324.054
710	324.125
711	324.2
712	324.277
713	324.359
714	324.447
715	324.542
716	324.648
717	324.77
718	324.918
719	325.11
720	325.383
721	325.818
722	326.583
723	328.038
724	329.693
725	330.549
726	331.02
727	331.3
728	331.474
729	331.576
730	331.6
731	331.501
732	331.163
733	330.864
734	330.707
735	330.478
736	329.871
737	329.711
738	329.744
739	329.908
740	330.292
741	331.224
742	331.729
743	331.849
744	331.766
745	331.518
746	331.053
747	330.211
748	328.613
749	327.193
750	326.409
751	325.932
752	325.611
753	325.375
754	325.187
755	325.031
756	324.895
757	324.773
758	324.663
759	324.562
760	324.467
761	324.378
762	324.294
763	324.213
764	324.138
765	324.068
766	324.008
767	323.967
768	323.764
769	323.801
770	323.854
771	323.916
772	323.982
773	324.052
774	324.124
775	324.199
776	324.277
777	324.36
778	324.449
779	324.546
780	324.654
781	324.78
782	324.933
783	325.134
784	325.429
785	325.915
786	326.824
787	328.71
788	330.893
789	331.923
790	332.457
791	332.764
792	332.955
793	333.075
794	333.134
795	333.12
796	333.027
797	332.887
798	332.65
799	332.011
800	330.105
801	329.5
802	329.354
803	329.395
804	329.564
805	329.859
806	330.04
807	330.063
808	329.956
809	329.721
810	329.323
811	328.693
812	327.78
813	326.915
814	326.306
815	325.888
816	325.589
817	325.361
818	325.178
819	325.024
820	324.889
821	324.769
822	324.66
823	324.558
824	324.464
825	324.375
826	324.291
827	324.21
828	324.135
829	324.065
830	324.005
831	323.965
832	323.76
833	323.797
834	323.851
835	323.912
836	323.979
837	324.048
838	324.121
839	324.196
840	324.275
841	324.359
842	324.448
843	324.546
844	324.656
845	324.783
846	324.939
847	325.145
848	325.447
849	325.95
850	326.889
851	328.829
852	331.073
853	332.139
854	332.692
855	333.01
856	333.211
857	333.345
858	333.431
859	333.469
860	333.472
861	333.414
862	333.221
863	332.613
864	330.754
865	330.156
866	329.989
867	329.978
868	330.035
869	330.118
870	330.155
871	330.11
872	329.974
873	329.726
874	329.322
875	328.687
876	327.771
877	326.903
878	326.293
879	325.875
880	325.577
881	325.351
882	325.169
883	325.016
884	324.882
885	324.762
886	324.653
887	324.553
888	324.458
889	324.37
890	324.286
891	324.206
892	324.13
893	324.061
894	324.001
895	323.961
896	323.756
897	323.792
898	323.846
899	323.908
900	323.974
901	324.043
902	324.116
903	324.191
904	324.271
905	324.354
906	324.444
907	324.543
908	324.653
909	324.781
910	324.936
911	325.141
912	325.438
913	325.919
914	326.781
915	328.451
916	330.358
917	331.328
918	331.855
919	332.168
920	332.372
921	332.516
922	332.62
923	332.694
924	332.749
925	332.776
926	332.753
927	332.612
928	332.231
929	332.085
930	332.051
931	332.061
932	332.082
933	332.093
934	332.067
935	331.982
936	331.818
937	331.536
938	331.055
939	330.201
940	328.587
941	327.155
942	326.369
943	325.893
944	325.575
945	325.342
946	325.159
947	325.005
948	324.872
949	324.753
950	324.644
951	324.544
952	324.451
953	324.363
954	324.279
955	324.2
956	324.125
957	324.055
958	323.996
959	323.956
960	323.751
961	323.787
962	323.84
963	323.902
964	323.968
965	324.037
966	324.109
967	324.185
968	324.264
969	324.348
970	324.438
971	324.536
972	324.645
973	324.772
974	324.926
975	325.126
976	325.411
977	325.858
978	326.628
979	328.038
980	329.63
981	330.489
982	330.977
983	331.277
984	331.48
985	331.629
986	331.746
987	331.846
988	331.94
989	332.048
990	332.209
991	332.541
992	333.435
993	333.753
994	333.885
995	333.944
996	333.966
997	333.955
998	333.903
999	333.795
1000	333.607
1001	333.285
1002	332.716
1003	331.632
1004	329.393
1005	327.444
1006	326.467
1007	325.921
1008	325.576
1009	325.334
1010	325.147
1011	324.992
1012	324.859
1013	324.741
1014	324.633
1015	324.534
1016	324.441
1017	324.354
1018	324.271
1019	324.192
1020	324.117
1021	324.048
1022	323.99
1023	323.95
1024	323.745
1025	323.781
1026	323.833
1027	323.895
1028	323.96
1029	324.029
1030	324.101
1031	324.176
1032	324.255
1033	324.338
1034	324.427
1035	324.525
1036	324.633
1037	324.759
1038	324.91
1039	325.104
1040	325.377
1041	325.798
1042	326.513
1043	327.819
1044	329.295
1045	330.091
1046	330.55
1047	330.839
1048	331.038
1049	331.19
1050	331.315
1051	331.431
1052	331.557
1053	331.724
1054	332.006
1055	332.584
1056	333.895
1057	334.453
1058	334.697
1059	334.801
1060	334.834
1061	334.818
1062	334.756
1063	334.635
1064	334.43
1065	334.079
1066	333.448
1067	332.238
1068	329.773
1069	327.62
1070	326.536
1071	325.939
1072	325.573
1073	325.321
1074	325.131
1075	324.976
1076	324.843
1077	324.726
1078	324.619
1079	324.521
1080	324.429
1081	324.342
1082	324.26
1083	324.182
1084	324.108
1085	324.04
1086	323.982
1087	323.942
1088	323.737
1089	323.773
1090	323.826
1091	323.886
1092	323.952
1093	324.02
1094	324.091
1095	324.166
1096	324.244
1097	324.326
1098	324.414
1099	324.51
1100	324.617
1101	324.74
1102	324.888
1103	325.076
1104	325.339
1105	325.743
1106	326.427
1107	327.689
1108	329.117
1109	329.881
1110	330.321
1111	330.6
1112	330.796
1113	330.948
1114	331.078
1115	331.205
1116	331.35
1117	331.555
1118	331.905
1119	332.596
1120	334.06
1121	334.729
1122	335.035
1123	335.17
1124	335.214
1125	335.2
1126	335.134
1127	335.007
1128	334.791
1129	334.421
1130	333.757
1131	332.487
1132	329.935
1133	327.701
1134	326.564
1135	325.94
1136	325.56
1137	325.303
1138	325.111
1139	324.956
1140	324.824
1141	324.708
1142	324.602
1143	324.505
1144	324.415
1145	324.329
1146	324.248
1147	324.171
1148	324.098
1149	324.03
1150	323.973
1151	323.933
1152	323.729
1153	323.765
1154	323.817
1155	323.877
1156	323.941
1157	324.009
1158	324.08
1159	324.153
1160	324.23
1161	324.311
1162	324.398
1163	324.493
1164	324.597
1165	324.717
1166	324.861
1167	325.044
1168	325.298
1169	325.689
1170	326.356
1171	327.595
1172	328.999
1173	329.744
1174	330.171
1175	330.443
1176	330.634
1177	330.785
1178	330.918
1179	331.05
1180	331.207
1181	331.432
1182	331.817
1183	332.558
1184	334.083
1185	334.802
1186	335.14
1187	335.292
1188	335.344
1189	335.333
1190	335.266
1191	335.137
1192	334.916
1193	334.538
1194	333.858
1195	332.565
1196	329.98
1197	327.715
1198	326.557
1199	325.921
1200	325.536
1201	325.277
1202	325.085
1203	324.931
1204	324.801
1205	324.687
1206	324.583
1207	324.487
1208	324.398
1209	324.314
1210	324.234
1211	324.158
1212	324.086
1213	324.019
1214	323.962
1215	323.923
1216	323.72
1217	323.755
1218	323.807
1219	323.866
1220	323.93
1221	323.997
1222	324.066
1223	324.139
1224	324.214
1225	324.294
1226	324.379
1227	324.472
1228	324.574
1229	324.69
1230	324.829
1231	325.006
1232	325.253
1233	325.633
1234	326.286
1235	327.509
1236	328.897
1237	329.628
1238	330.044
1239	330.308
1240	330.495
1241	330.643
1242	330.775
1243	330.909
1244	331.071
1245	331.306
1246	331.705
1247	332.466
1248	334.015
1249	334.754
1250	335.106
1251	335.267
1252	335.325
1253	335.315
1254	335.25
1255	335.121
1256	334.901
1257	334.522
1258	333.84
1259	332.542
1260	329.951
1261	327.681
1262	326.52
1263	325.883
1264	325.499
1265	325.243
1266	325.053
1267	324.902
1268	324.774
1269	324.662
1270	324.56
1271	324.467
1272	324.379
1273	324.297
1274	324.218
1275	324.143
1276	324.072
1277	324.007
1278	323.95
1279	323.912
1280	323.711
1281	323.745
1282	323.796
1283	323.854
1284	323.917
1285	323.983
1286	324.051
1287	324.122
1288	324.197
1289	324.275
1290	324.358
1291	324.447
1292	324.546
1293	324.659
1294	324.793
1295	324.963
1296	325.201
1297	325.569
1298	326.208
1299	327.413
1300	328.785
1301	329.5
1302	329.905
1303	330.159
1304	330.34
1305	330.483
1306	330.613
1307	330.746
1308	330.908
1309	331.143
1310	331.544
1311	332.309
1312	333.862
1313	334.604
1314	334.959
1315	335.122
1316	335.182
1317	335.174
1318	335.111
1319	334.986
1320	334.77
1321	334.397
1322	333.724
1323	332.437
1324	329.86
1325	327.603
1326	326.453
1327	325.826
1328	325.45
1329	325.199
1330	325.015
1331	324.868
1332	324.743
1333	324.634
1334	324.535
1335	324.444
1336	324.358
1337	324.277
1338	324.2
1339	324.127
1340	324.057
1341	323.993
1342	323.937
1343	323.9
1344	323.7
1345	323.734
1346	323.784
1347	323.841
1348	323.903
1349	323.968
1350	324.035
1351	324.104
1352	324.177
1353	324.253
1354	324.334
1355	324.42
1356	324.516
1357	324.624
1358	324.751
1359	324.914
1360	325.14
1361	325.493
1362	326.111
1363	327.291
1364	328.636
1365	329.329
1366	329.718
1367	329.96
1368	330.132
1369	330.269
1370	330.393
1371	330.522
1372	330.679
1373	330.909
1374	331.302
1375	332.054
1376	333.592
1377	334.323
1378	334.671
1379	334.831
1380	334.889
1381	334.883
1382	334.823
1383	334.703
1384	334.496
1385	334.138
1386	333.487
1387	332.232
1388	329.693
1389	327.473
1390	326.354
1391	325.748
1392	325.386
1393	325.146
1394	324.969
1395	324.828
1396	324.708
1397	324.603
1398	324.507
1399	324.418
1400	324.335
1401	324.256
1402	324.181
1403	324.109
1404	324.041
1405	323.977
1406	323.923
1407	323.886
1408	323.688
1409	323.721
1410	323.771
1411	323.827
1412	323.888
1413	323.951
1414	324.017
1415	324.085
1416	324.155
1417	324.229
1418	324.307
1419	324.391
1420	324.482
1421	324.585
1422	324.705
1423	324.857
1424	325.068
1425	325.398
1426	325.98
1427	327.113
1428	328.408
1429	329.063
1430	329.426
1431	329.652
1432	329.812
1433	329.941
1434	330.058
1435	330.179
1436	330.327
1437	330.543
1438	330.913
1439	331.631
1440	333.125
1441	333.822
1442	334.15
1443	334.299
1444	334.352
1445	334.346
1446	334.29
1447	334.178
1448	333.986
1449	333.653
1450	333.044
1451	331.854
1452	329.405
1453	327.271
1454	326.213
1455	325.646
1456	325.309
1457	325.084
1458	324.918
1459	324.784
1460	324.67
1461	324.568
1462	324.476
1463	324.39
1464	324.31
1465	324.233
1466	324.16
1467	324.09
1468	324.023
1469	323.961
1470	323.908
1471	323.871
1472	323.675
1473	323.708
1474	323.756
1475	323.812
1476	323.871
1477	323.933
1478	323.997
1479	324.063
1480	324.132
1481	324.203
1482	324.279
1483	324.359
1484	324.445
1485	324.542
1486	324.654
1487	324.793
1488	324.983
1489	325.277
1490	325.796
1491	326.825
1492	328.008
1493	328.592
1494	328.914
1495	329.116
1496	329.261
1497	329.379
1498	329.487
1499	329.598
1500	329.732
1501	329.924
1502	330.251
1503	330.892
1504	332.267
1505	332.888
1506	333.175
1507	333.304
1508	333.35
1509	333.342
1510	333.29
1511	333.189
1512	333.018
1513	332.724
1514	332.188
1515	331.131
1516	328.895
1517	326.958
1518	326.018
1519	325.517
1520	325.217
1521	325.013
1522	324.86
1523	324.735
1524	324.628
1525	324.531
1526	324.443
1527	324.361
1528	324.283
1529	324.208
1530	324.137
1531	324.069
1532	324.004
1533	323.943
1534	323.891
1535	323.856
1536	323.662
1537	323.694
1538	323.741
1539	323.795
1540	323.854
1541	323.914
1542	323.976
1543	324.041
1544	324.107
1545	324.176
1546	324.248
1547	324.324
1548	324.406
1549	324.497
1550	324.599
1551	324.723
1552	324.887
1553	325.128
1554	325.534
1555	326.317
1556	327.215
1557	327.668
1558	327.929
1559	328.1
1560	328.228
1561	328.333
1562	328.43
1563	328.529
1564	328.645
1565	328.803
1566	329.06
1567	329.544
1568	330.574
1569	331.039
1570	331.258
1571	331.358
1572	331.392
1573	331.383
1574	331.336
1575	331.248
1576	331.103
1577	330.862
1578	330.439
1579	329.633
1580	327.951
1581	326.49
1582	325.767
1583	325.365
1584	325.113
1585	324.936
1586	324.798
1587	324.683
1588	324.582
1589	324.491
1590	324.407
1591	324.329
1592	324.254
1593	324.182
1594	324.113
1595	324.047
1596	323.983
1597	323.924
1598	323.873
1599	323.839
1600	323.647
1601	323.678
1602	323.725
1603	323.778
1604	323.835
1605	323.893
1606	323.954
1607	324.016
1608	324.08
1609	324.147
1610	324.216
1611	324.288
1612	324.365
1613	324.449
1614	324.542
1615	324.65
1616	324.784
1617	324.964
1618	325.221
1619	325.59
1620	325.983
1621	326.259
1622	326.447
1623	326.584
1624	326.693
1625	326.786
1626	326.872
1627	326.957
1628	327.053
1629	327.173
1630	327.343
1631	327.605
1632	327.98
1633	328.225
1634	328.361
1635	328.427
1636	328.448
1637	328.436
1638	328.394
1639	328.32
1640	328.203
1641	328.022
1642	327.735
1643	327.272
1644	326.574
1645	325.921
1646	325.486
1647	325.201
1648	325.003
1649	324.854
1650	324.732
1651	324.628
1652	324.535
1653	324.45
1654	324.37
1655	324.295
1656	324.223
1657	324.154
1658	324.087
1659	324.023
1660	323.962
1661	323.904
1662	323.855
1663	323.821
1664	323.632
1665	323.663
1666	323.708
1667	323.76
1668	323.815
1669	323.872
1670	323.931
1671	323.991
1672	324.053
1673	324.117
1674	324.183
1675	324.251
1676	324.324
1677	324.401
1678	324.485
1679	324.579
1680	324.688
1681	324.821
1682	324.987
1683	325.188
1684	325.395
1685	325.566
1686	325.701
1687	325.81
1688	325.901
1689	325.982
1690	326.056
1691	326.13
1692	326.207
1693	326.296
1694	326.405
1695	326.545
1696	326.707
1697	326.831
1698	326.909
1699	326.948
1700	326.959
1701	326.944
1702	326.907
1703	326.846
1704	326.754
1705	326.622
1706	326.434
1707	326.17
1708	325.834
1709	325.507
1710	325.246
1711	325.049
1712	324.897
1713	324.772
1714	324.666
1715	324.572
1716	324.486
1717	324.407
1718	324.332
1719	324.26
1720	324.192
1721	324.125
1722	324.061
1723	323.999
1724	323.939
1725	323.884
1726	323.835
1727	323.802
1728	323.616
1729	323.647
1730	323.691
1731	323.741
1732	323.795
1733	323.851
1734	323.908
1735	323.966
1736	324.025
1737	324.086
1738	324.149
1739	324.214
1740	324.282
1741	324.353
1742	324.429
1743	324.511
1744	324.602
1745	324.704
1746	324.821
1747	324.949
1748	325.078
1749	325.194
1750	325.296
1751	325.383
1752	325.46
1753	325.53
1754	325.595
1755	325.657
1756	325.72
1757	325.787
1758	325.859
1759	325.94
1760	326.022
1761	326.088
1762	326.132
1763	326.154
1764	326.157
1765	326.141
1766	326.109
1767	326.058
1768	325.986
1769	325.889
1770	325.761
1771	325.6
1772	325.412
1773	325.224
1774	325.058
1775	324.917
1776	324.797
1777	324.693
1778	324.6
1779	324.516
1780	324.437
1781	324.363
1782	324.293
1783	324.225
1784	324.159
1785	324.096
1786	324.034
1787	323.974
1788	323.916
1789	323.862
1790	323.815
1791	323.783
1792	323.601
1793	323.63
1794	323.673
1795	323.722
1796	323.775
1797	323.829
1798	323.884
1799	323.94
1800	323.997
1801	324.055
1802	324.115
1803	324.176
1804	324.24
1805	324.306
1806	324.375
1807	324.447
1808	324.525
1809	324.608
1810	324.697
1811	324.79
1812	324.883
1813	324.97
1814	325.05
1815	325.123
1816	325.188
1817	325.249
1818	325.306
1819	325.359
1820	325.411
1821	325.462
1822	325.514
1823	325.565
1824	325.613
1825	325.652
1826	325.677
1827	325.688
1828	325.686
1829	325.671
1830	325.642
1831	325.599
1832	325.542
1833	325.468
1834	325.377
1835	325.268
1836	325.148
1837	325.025
1838	324.909
1839	324.802
1840	324.706
1841	324.618
1842	324.536
1843	324.46
1844	324.388
1845	324.319
1846	324.253
1847	324.189
1848	324.126
1849	324.066
1850	324.006
1851	323.949
1852	323.893
1853	323.841
1854	323.795
1855	323.764
1856	323.584
1857	323.613
1858	323.655
1859	323.703
1860	323.753
1861	323.806
1862	323.859
1863	323.913
1864	323.968
1865	324.024
1866	324.08
1867	324.138
1868	324.198
1869	324.259
1870	324.322
1871	324.388
1872	324.456
1873	324.526
1874	324.599
1875	324.673
1876	324.747
1877	324.817
1878	324.883
1879	324.945
1880	325.002
1881	325.055
1882	325.104
1883	325.151
1884	325.194
1885	325.235
1886	325.274
1887	325.31
1888	325.342
1889	325.366
1890	325.381
1891	325.387
1892	325.382
1893	325.367
1894	325.341
1895	325.305
1896	325.258
1897	325.2
1898	325.13
1899	325.051
1900	324.964
1901	324.875
1902	324.787
1903	324.702
1904	324.622
1905	324.546
1906	324.474
1907	324.405
1908	324.339
1909	324.275
1910	324.213
1911	324.152
1912	324.093
1913	324.035
1914	323.978
1915	323.923
1916	323.869
1917	323.818
1918	323.774
1919	323.744
1920	323.568
1921	323.595
1922	323.636
1923	323.683
1924	323.732
1925	323.782
1926	323.834
1927	323.886
1928	323.938
1929	323.992
1930	324.046
1931	324.101
1932	324.157
1933	324.214
1934	324.272
1935	324.331
1936	324.392
1937	324.454
1938	324.516
1939	324.579
1940	324.641
1941	324.7
1942	324.757
1943	324.811
1944	324.861
1945	324.907
1946	324.951
1947	324.991
1948	325.028
1949	325.062
1950	325.093
1951	325.121
1952	325.143
1953	325.16
1954	325.169
1955	325.171
1956	325.165
1957	325.151
1958	325.128
1959	325.097
1960	325.058
1961	325.01
1962	324.954
1963	324.892
1964	324.825
1965	324.755
1966	324.684
1967	324.614
1968	324.545
1969	324.479
1970	324.414
1971	324.352
1972	324.291
1973	324.231
1974	324.173
1975	324.116
1976	324.059
1977	324.004
1978	323.95
1979	323.896
1980	323.844
1981	323.796
1982	323.753
1983	323.723
1984	323.55
1985	323.578
1986	323.617
1987	323.662
1988	323.71
1989	323.759
1990	323.808
1991	323.858
1992	323.909
1993	323.96
1994	324.011
1995	324.063
1996	324.116
1997	324.169
1998	324.223
1999	324.277
2000	324.332
2001	324.388
2002	324.443
2003	324.498
2004	324.552
2005	324.604
2006	324.654
2007	324.701
2008	324.745
2009	324.787
2010	324.825
2011	324.861
2012	324.893
2013	324.922
2014	324.948
2015	324.969
2016	324.986
2017	324.998
2018	325.004
2019	325.004
2020	324.998
2021	324.984
2022	324.964
2023	324.937
2024	324.903
2025	324.863
2026	324.817
2027	324.766
2028	324.711
2029	324.653
2030	324.593
2031	324.533
2032	324.474
2033	324.415
2034	324.356
2035	324.299
2036	324.243
2037	324.187
2038	324.133
2039	324.079
2040	324.025
2041	323.973
2042	323.921
2043	323.869
2044	323.82
2045	323.772
2046	323.731
2047	323.703
2048	323.533
2049	323.559
2050	323.598
2051	323.641
2052	323.688
2053	323.735
2054	323.782
2055	323.831
2056	323.879
2057	323.927
2058	323.976
2059	324.026
2060	324.075
2061	324.125
2062	324.175
2063	324.225
2064	324.276
2065	324.326
2066	324.376
2067	324.425
2068	324.473
2069	324.52
2070	324.564
2071	324.606
2072	324.646
2073	324.683
2074	324.718
2075	324.749
2076	324.777
2077	324.802
2078	324.824
2079	324.842
2080	324.855
2081	324.865
2082	324.869
2083	324.867
2084	324.861
2085	324.848
2086	324.83
2087	324.806
2088	324.777
2089	324.743
2090	324.703
2091	324.66
2092	324.613
2093	324.563
2094	324.512
2095	324.459
2096	324.407
2097	324.354
2098	324.301
2099	324.248
2100	324.196
2101	324.144
2102	324.093
2103	324.042
2104	323.991
2105	323.941
2106	323.892
2107	323.842
2108	323.794
2109	323.749
2110	323.709
2111	323.682
2112	323.515
2113	323.541
2114	323.578
2115	323.62
2116	323.665
2117	323.71
2118	323.756
2119	323.803
2120	323.849
2121	323.895
2122	323.942
2123	323.988
2124	324.035
2125	324.082
2126	324.129
2127	324.176
2128	324.222
2129	324.268
2130	324.314
2131	324.359
2132	324.402
2133	324.444
2134	324.484
2135	324.522
2136	324.558
2137	324.591
2138	324.622
2139	324.65
2140	324.675
2141	324.697
2142	324.716
2143	324.731
2144	324.742
2145	324.749
2146	324.752
2147	324.75
2148	324.744
2149	324.732
2150	324.716
2151	324.695
2152	324.669
2153	324.639
2154	324.604
2155	324.567
2156	324.526
2157	324.482
2158	324.437
2159	324.391
2160	324.343
2161	324.295
2162	324.247
2163	324.199
2164	324.15
2165	324.102
2166	324.054
2167	324.005
2168	323.957
2169	323.91
2170	323.862
2171	323.815
2172	323.769
2173	323.725
2174	323.687
2175	323.661
2176	323.497
2177	323.522
2178	323.558
2179	323.599
2180	323.642
2181	323.686
2182	323.73
2183	323.774
2184	323.819
2185	323.863
2186	323.907
2187	323.952
2188	323.996
2189	324.04
2190	324.084
2191	324.127
2192	324.171
2193	324.213
2194	324.255
2195	324.296
2196	324.336
2197	324.374
2198	324.41
2199	324.445
2200	324.478
2201	324.508
2202	324.536
2203	324.561
2204	324.583
2205	324.603
2206	324.619
2207	324.632
2208	324.642
2209	324.647
2210	324.649
2211	324.647
2212	324.641
2213	324.63
2214	324.615
2215	324.596
2216	324.573
2217	324.547
2218	324.516
2219	324.483
2220	324.447
2221	324.408
2222	324.368
2223	324.326
2224	324.283
2225	324.239
2226	324.195
2227	324.15
2228	324.105
2229	324.06
2230	324.015
2231	323.969
2232	323.924
2233	323.878
2234	323.833
2235	323.788
2236	323.744
2237	323.702
2238	323.665
2239	323.639
2240	323.479
2241	323.503
2242	323.538
2243	323.578
2244	323.619
2245	323.661
2246	323.704
2247	323.746
2248	323.789
2249	323.831
2250	323.873
2251	323.915
2252	323.957
2253	323.999
2254	324.04
2255	324.081
2256	324.121
2257	324.16
2258	324.199
2259	324.237
2260	324.273
2261	324.309
2262	324.342
2263	324.374
2264	324.403
2265	324.431
2266	324.456
2267	324.479
2268	324.499
2269	324.516
2270	324.531
2271	324.542
2272	324.55
2273	324.555
2274	324.557
2275	324.554
2276	324.548
2277	324.538
2278	324.525
2279	324.508
2280	324.487
2281	324.463
2282	324.436
2283	324.406
2284	324.374
2285	324.339
2286	324.303
2287	324.265
2288	324.226
2289	324.186
2290	324.145
2291	324.103
2292	324.061
2293	324.019
2294	323.976
2295	323.933
2296	323.89
2297	323.847
2298	323.803
2299	323.76
2300	323.718
2301	323.678
2302	323.642
2303	323.618
2304	323.461
2305	323.484
2306	323.518
2307	323.556
2308	323.596
2309	323.636
2310	323.677
2311	323.718
2312	323.759
2313	323.799
2314	323.839
2315	323.879
2316	323.919
2317	323.958
2318	323.997
2319	324.035
2320	324.073
2321	324.11
2322	324.146
2323	324.181
2324	324.214
2325	324.247
2326	324.277
2327	324.307
2328	324.334
2329	324.359
2330	324.382
2331	324.403
2332	324.421
2333	324.437
2334	324.45
2335	324.46
2336	324.467
2337	324.471
2338	324.472
2339	324.469
2340	324.464
2341	324.455
2342	324.442
2343	324.427
2344	324.408
2345	324.386
2346	324.362
2347	324.335
2348	324.306
2349	324.274
2350	324.241
2351	324.207
2352	324.171
2353	324.134
2354	324.096
2355	324.057
2356	324.018
2357	323.978
2358	323.938
2359	323.897
2360	323.856
2361	323.815
2362	323.774
2363	323.733
2364	323.692
2365	323.654
2366	323.62
2367	323.596
2368	323.442
2369	323.465
2370	323.497
2371	323.534
2372	323.572
2373	323.611
2374	323.651
2375	323.69
2376	323.729
2377	323.767
2378	323.805
2379	323.843
2380	323.881
2381	323.918
2382	323.954
2383	323.99
2384	324.026
2385	324.06
2386	324.094
2387	324.126
2388	324.158
2389	324.188
2390	324.216
2391	324.243
2392	324.268
2393	324.291
2394	324.312
2395	324.331
2396	324.348
2397	324.362
2398	324.374
2399	324.383
2400	324.389
2401	324.393
2402	324.393
2403	324.391
2404	324.386
2405	324.377
2406	324.366
2407	324.352
2408	324.335
2409	324.315
2410	324.293
2411	324.268
2412	324.242
2413	324.213
2414	324.183
2415	324.151
2416	324.118
2417	324.083
2418	324.048
2419	324.012
2420	323.975
2421	323.938
2422	323.9
2423	323.862
2424	323.823
2425	323.784
2426	323.745
2427	323.706
2428	323.667
2429	323.63
2430	323.597
2431	323.574
2432	323.424
2433	323.446
2434	323.477
2435	323.512
2436	323.549
2437	323.587
2438	323.624
2439	323.661
2440	323.699
2441	323.735
2442	323.772
2443	323.808
2444	323.843
2445	323.879
2446	323.913
2447	323.947
2448	323.98
2449	324.012
2450	324.044
2451	324.074
2452	324.103
2453	324.131
2454	324.158
2455	324.182
2456	324.206
2457	324.227
2458	324.246
2459	324.264
2460	324.279
2461	324.292
2462	324.303
2463	324.311
2464	324.316
2465	324.32
2466	324.32
2467	324.318
2468	324.313
2469	324.305
2470	324.295
2471	324.281
2472	324.266
2473	324.248
2474	324.228
2475	324.205
2476	324.181
2477	324.154
2478	324.126
2479	324.097
2480	324.066
2481	324.035
2482	324.002
2483	323.968
2484	323.934
2485	323.899
2486	323.863
2487	323.827
2488	323.79
2489	323.753
2490	323.716
2491	323.678
2492	323.641
2493	323.606
2494	323.574
2495	323.553
2496	323.405
2497	323.426
2498	323.456
2499	323.49
2500	323.526
2501	323.562
2502	323.598
2503	323.633
2504	323.669
2505	323.704
2506	323.738
2507	323.773
2508	323.806
2509	323.84
2510	323.872
2511	323.904
2512	323.935
2513	323.966
2514	323.995
2515	324.024
2516	324.051
2517	324.077
2518	324.101
2519	324.124
2520	324.146
2521	324.166
2522	324.184
2523	324.2
2524	324.214
2525	324.226
2526	324.235
2527	324.243
2528	324.248
2529	324.251
2530	324.251
2531	324.249
2532	324.244
2533	324.237
2534	324.227
2535	324.215
2536	324.201
2537	324.184
2538	324.166
2539	324.145
2540	324.122
2541	324.098
2542	324.073
2543	324.045
2544	324.017
2545	323.987
2546	323.957
2547	323.925
2548	323.893
2549	323.86
2550	323.826
2551	323.792
2552	323.757
2553	323.722
2554	323.687
2555	323.651
2556	323.616
2557	323.582
2558	323.552
2559	323.531
2560	323.386
2561	323.407
2562	323.436
2563	323.468
2564	323.502
2565	323.537
2566	323.571
2567	323.605
2568	323.639
2569	323.672
2570	323.705
2571	323.738
2572	323.77
2573	323.801
2574	323.832
2575	323.862
2576	323.892
2577	323.92
2578	323.948
2579	323.974
2580	324
2581	324.024
2582	324.047
2583	324.069
2584	324.089
2585	324.107
2586	324.124
2587	324.138
2588	324.151
2589	324.162
2590	324.171
2591	324.178
2592	324.183
2593	324.185
2594	324.185
2595	324.183
2596	324.179
2597	324.172
2598	324.163
2599	324.152
2600	324.139
2601	324.124
2602	324.106
2603	324.087
2604	324.067
2605	324.044
2606	324.02
2607	323.995
2608	323.969
2609	323.941
2610	323.912
2611	323.883
2612	323.853
2613	323.822
2614	323.79
2615	323.758
2616	323.725
2617	323.691
2618	323.658
2619	323.624
2620	323.59
2621	323.558
2622	323.529
2623	323.509
2624	323.368
2625	323.387
2626	323.415
2627	323.446
2628	323.479
2629	323.511
2630	323.544
2631	323.577
2632	323.609
2633	323.641
2634	323.672
2635	323.703
2636	323.734
2637	323.764
2638	323.793
2639	323.821
2640	323.849
2641	323.876
2642	323.902
2643	323.927
2644	323.95
2645	323.973
2646	323.995
2647	324.015
2648	324.033
2649	324.05
2650	324.066
2651	324.079
2652	324.091
2653	324.102
2654	324.11
2655	324.116
2656	324.12
2657	324.122
2658	324.123
2659	324.121
2660	324.116
2661	324.11
2662	324.102
2663	324.092
2664	324.08
2665	324.066
2666	324.05
2667	324.032
2668	324.013
2669	323.992
2670	323.97
2671	323.946
2672	323.922
2673	323.896
2674	323.869
2675	323.842
2676	323.813
2677	323.784
2678	323.754
2679	323.724
2680	323.692
2681	323.661
2682	323.629
2683	323.597
2684	323.565
2685	323.534
2686	323.507
2687	323.488
2688	323.349
2689	323.367
2690	323.394
2691	323.424
2692	323.455
2693	323.486
2694	323.518
2695	323.549
2696	323.58
2697	323.61
2698	323.64
2699	323.669
2700	323.698
2701	323.726
2702	323.754
2703	323.781
2704	323.807
2705	323.832
2706	323.856
2707	323.88
2708	323.902
2709	323.923
2710	323.943
2711	323.962
2712	323.979
2713	323.995
2714	324.01
2715	324.023
2716	324.034
2717	324.043
2718	324.051
2719	324.056
2720	324.06
2721	324.062
2722	324.062
2723	324.061
2724	324.057
2725	324.051
2726	324.043
2727	324.034
2728	324.023
2729	324.01
2730	323.995
2731	323.978
2732	323.961
2733	323.941
2734	323.921
2735	323.899
2736	323.876
2737	323.852
2738	323.827
2739	323.801
2740	323.774
2741	323.747
2742	323.719
2743	323.69
2744	323.66
2745	323.63
2746	323.6
2747	323.57
2748	323.539
2749	323.51
2750	323.484
2751	323.466
2752	323.33
2753	323.348
2754	323.373
2755	323.402
2756	323.431
2757	323.461
2758	323.491
2759	323.521
2760	323.55
2761	323.579
2762	323.607
2763	323.635
2764	323.662
2765	323.689
2766	323.715
2767	323.741
2768	323.765
2769	323.789
2770	323.812
2771	323.834
2772	323.855
2773	323.875
2774	323.894
2775	323.911
2776	323.927
2777	323.942
2778	323.956
2779	323.968
2780	323.978
2781	323.987
2782	323.994
2783	323.999
2784	324.003
2785	324.004
2786	324.005
2787	324.003
2788	323.999
2789	323.994
2790	323.987
2791	323.978
2792	323.968
2793	323.955
2794	323.942
2795	323.927
2796	323.91
2797	323.892
2798	323.873
2799	323.853
2800	323.831
2801	323.809
2802	323.785
2803	323.761
2804	323.736
2805	323.71
2806	323.683
2807	323.656
2808	323.629
2809	323.6
2810	323.572
2811	323.543
2812	323.514
2813	323.486
2814	323.462
2815	323.445
2816	323.311
2817	323.328
2818	323.352
2819	323.379
2820	323.408
2821	323.436
2822	323.465
2823	323.493
2824	323.521
2825	323.548
2826	323.575
2827	323.601
2828	323.627
2829	323.652
2830	323.677
2831	323.701
2832	323.724
2833	323.747
2834	323.768
2835	323.789
2836	323.809
2837	323.828
2838	323.845
2839	323.862
2840	323.877
2841	323.891
2842	323.903
2843	323.914
2844	323.924
2845	323.932
2846	323.939
2847	323.943
2848	323.947
2849	323.949
2850	323.949
2851	323.947
2852	323.944
2853	323.939
2854	323.932
2855	323.924
2856	323.914
2857	323.903
2858	323.89
2859	323.876
2860	323.861
2861	323.844
2862	323.826
2863	323.807
2864	323.787
2865	323.766
2866	323.744
2867	323.721
2868	323.698
2869	323.673
2870	323.649
2871	323.623
2872	323.597
2873	323.57
2874	323.543
2875	323.516
2876	323.489
2877	323.463
2878	323.439
2879	323.423
2880	323.292
2881	323.308
2882	323.331
2883	323.357
2884	323.384
2885	323.411
2886	323.438
2887	323.465
2888	323.491
2889	323.517
2890	323.543
2891	323.568
2892	323.592
2893	323.616
2894	323.639
2895	323.662
2896	323.684
2897	323.705
2898	323.725
2899	323.745
2900	323.763
2901	323.781
2902	323.798
2903	323.813
2904	323.827
2905	323.84
2906	323.852
2907	323.862
2908	323.871
2909	323.879
2910	323.885
2911	323.89
2912	323.893
2913	323.894
2914	323.894
2915	323.893
2916	323.89
2917	323.885
2918	323.879
2919	323.871
2920	323.862
2921	323.852
2922	323.84
2923	323.827
2924	323.813
2925	323.797
2926	323.78
2927	323.763
2928	323.744
2929	323.724
2930	323.704
2931	323.682
2932	323.66
2933	323.637
2934	323.614
2935	323.59
2936	323.565
2937	323.54
2938	323.515
2939	323.489
2940	323.464
2941	323.439
2942	323.417
2943	323.401
2944	323.273
2945	323.288
2946	323.31
2947	323.335
2948	323.36
2949	323.386
2950	323.412
2951	323.437
2952	323.462
2953	323.487
2954	323.511
2955	323.534
2956	323.557
2957	323.58
2958	323.602
2959	323.623
2960	323.644
2961	323.664
2962	323.683
2963	323.701
2964	323.719
2965	323.735
2966	323.751
2967	323.765
2968	323.779
2969	323.791
2970	323.802
2971	323.812
2972	323.82
2973	323.827
2974	323.833
2975	323.837
2976	323.84
2977	323.841
2978	323.842
2979	323.84
2980	323.837
2981	323.833
2982	323.827
2983	323.82
2984	323.812
2985	323.802
2986	323.791
2987	323.779
2988	323.765
2989	323.751
2990	323.735
2991	323.719
2992	323.701
2993	323.683
2994	323.664
2995	323.644
2996	323.623
2997	323.602
2998	323.58
2999	323.557
3000	323.534
3001	323.511
3002	323.487
3003	323.462
3004	323.438
3005	323.415
3006	323.394
3007	323.38
3008	323.253
3009	323.268
3010	323.289
3011	323.312
3012	323.337
3013	323.361
3014	323.385
3015	323.409
3016	323.433
3017	323.456
3018	323.479
3019	323.501
3020	323.523
3021	323.544
3022	323.565
3023	323.585
3024	323.605
3025	323.623
3026	323.641
3027	323.659
3028	323.675
3029	323.69
3030	323.705
3031	323.719
3032	323.731
3033	323.742
3034	323.753
3035	323.762
3036	323.77
3037	323.776
3038	323.782
3039	323.786
3040	323.789
3041	323.79
3042	323.79
3043	323.789
3044	323.786
3045	323.782
3046	323.777
3047	323.77
3048	323.762
3049	323.753
3050	323.743
3051	323.732
3052	323.719
3053	323.706
3054	323.691
3055	323.676
3056	323.659
3057	323.642
3058	323.624
3059	323.605
3060	323.586
3061	323.566
3062	323.546
3063	323.525
3064	323.503
3065	323.481
3066	323.458
3067	323.436
3068	323.413
3069	323.391
3070	323.372
3071	323.358
3072	323.234
3073	323.248
3074	323.268
3075	323.29
3076	323.313
3077	323.336
3078	323.359
3079	323.381
3080	323.404
3081	323.426
3082	323.447
3083	323.468
3084	323.489
3085	323.509
3086	323.528
3087	323.547
3088	323.565
3089	323.583
3090	323.6
3091	323.616
3092	323.632
3093	323.646
3094	323.66
3095	323.673
3096	323.684
3097	323.695
3098	323.705
3099	323.713
3100	323.721
3101	323.727
3102	323.732
3103	323.736
3104	323.738
3105	323.739
3106	323.74
3107	323.738
3108	323.736
3109	323.732
3110	323.727
3111	323.721
3112	323.714
3113	323.705
3114	323.696
3115	323.685
3116	323.674
3117	323.661
3118	323.647
3119	323.633
3120	323.618
3121	323.602
3122	323.585
3123	323.568
3124	323.55
3125	323.531
3126	323.512
3127	323.492
3128	323.472
3129	323.451
3130	323.43
3131	323.409
3132	323.388
3133	323.368
3134	323.349
3135	323.336
3136	323.214
3137	323.228
3138	323.246
3139	323.267
3140	323.289
3141	323.31
3142	323.332
3143	323.353
3144	323.374
3145	323.395
3146	323.415
3147	323.435
3148	323.454
3149	323.473
3150	323.492
3151	323.509
3152	323.527
3153	323.543
3154	323.559
3155	323.574
3156	323.589
3157	323.603
3158	323.615
3159	323.627
3160	323.638
3161	323.648
3162	323.657
3163	323.665
3164	323.672
3165	323.678
3166	323.683
3167	323.686
3168	323.689
3169	323.69
3170	323.69
3171	323.689
3172	323.687
3173	323.683
3174	323.679
3175	323.673
3176	323.666
3177	323.658
3178	323.65
3179	323.64
3180	323.629
3181	323.617
3182	323.604
3183	323.591
3184	323.577
3185	323.562
3186	323.546
3187	323.53
3188	323.513
3189	323.496
3190	323.478
3191	323.46
3192	323.441
3193	323.422
3194	323.402
3195	323.382
3196	323.363
3197	323.344
3198	323.327
3199	323.315
3200	323.195
3201	323.207
3202	323.225
3203	323.244
3204	323.264
3205	323.285
3206	323.305
3207	323.325
3208	323.345
3209	323.364
3210	323.383
3211	323.402
3212	323.42
3213	323.438
3214	323.455
3215	323.472
3216	323.488
3217	323.504
3218	323.519
3219	323.533
3220	323.547
3221	323.559
3222	323.572
3223	323.583
3224	323.593
3225	323.602
3226	323.611
3227	323.618
3228	323.625
3229	323.63
3230	323.635
3231	323.638
3232	323.64
3233	323.641
3234	323.642
3235	323.641
3236	323.638
3237	323.635
3238	323.631
3239	323.626
3240	323.619
3241	323.612
3242	323.604
3243	323.595
3244	323.585
3245	323.574
3246	323.562
3247	323.549
3248	323.536
3249	323.522
3250	323.508
3251	323.493
3252	323.477
3253	323.461
3254	323.444
3255	323.427
3256	323.41
3257	323.392
3258	323.374
3259	323.356
3260	323.337
3261	323.32
3262	323.304
3263	323.293
3264	323.175
3265	323.186
3266	323.203
3267	323.221
3268	323.24
3269	323.259
3270	323.278
3271	323.297
3272	323.316
3273	323.334
3274	323.352
3275	323.369
3276	323.386
3277	323.403
3278	323.419
3279	323.435
3280	323.45
3281	323.465
3282	323.479
3283	323.492
3284	323.505
3285	323.517
3286	323.528
3287	323.539
3288	323.548
3289	323.557
3290	323.565
3291	323.572
3292	323.578
3293	323.583
3294	323.587
3295	323.59
3296	323.593
3297	323.594
3298	323.594
3299	323.593
3300	323.591
3301	323.588
3302	323.584
3303	323.579
3304	323.573
3305	323.566
3306	323.559
3307	323.55
3308	323.541
3309	323.531
3310	323.52
3311	323.508
3312	323.496
3313	323.483
3314	323.469
3315	323.455
3316	323.441
3317	323.426
3318	323.411
3319	323.395
3320	323.379
3321	323.362
3322	323.345
3323	323.328
3324	323.312
3325	323.295
3326	323.281
3327	323.271
3328	323.155
3329	323.166
3330	323.181
3331	323.198
3332	323.216
3333	323.233
3334	323.251
3335	323.269
3336	323.286
3337	323.303
3338	323.32
3339	323.336
3340	323.352
3341	323.368
3342	323.383
3343	323.398
3344	323.412
3345	323.426
3346	323.439
3347	323.451
3348	323.463
3349	323.475
3350	323.485
3351	323.495
3352	323.504
3353	323.512
3354	323.52
3355	323.526
3356	323.532
3357	323.537
3358	323.541
3359	323.544
3360	323.546
3361	323.547
3362	323.547
3363	323.546
3364	323.544
3365	323.541
3366	323.538
3367	323.533
3368	323.528
3369	323.521
3370	323.514
3371	323.506
3372	323.498
3373	323.488
3374	323.478
3375	323.467
3376	323.456
3377	323.444
3378	323.431
3379	323.418
3380	323.405
3381	323.391
3382	323.377
3383	323.362
3384	323.347
3385	323.332
3386	323.317
3387	323.301
3388	323.286
3389	323.271
3390	323.258
3391	323.248
3392	323.134
3393	323.144
3394	323.158
3395	323.174
3396	323.191
3397	323.207
3398	323.224
3399	323.24
3400	323.256
3401	323.272
3402	323.288
3403	323.303
3404	323.318
3405	323.332
3406	323.347
3407	323.361
3408	323.374
3409	323.387
3410	323.399
3411	323.411
3412	323.422
3413	323.433
3414	323.442
3415	323.452
3416	323.46
3417	323.468
3418	323.475
3419	323.481
3420	323.486
3421	323.491
3422	323.494
3423	323.497
3424	323.499
3425	323.5
3426	323.5
3427	323.499
3428	323.498
3429	323.495
3430	323.492
3431	323.488
3432	323.483
3433	323.477
3434	323.47
3435	323.463
3436	323.455
3437	323.446
3438	323.437
3439	323.427
3440	323.416
3441	323.405
3442	323.393
3443	323.381
3444	323.369
3445	323.356
3446	323.343
3447	323.329
3448	323.316
3449	323.302
3450	323.288
3451	323.274
3452	323.26
3453	323.246
3454	323.234
3455	323.225
3456	323.114
3457	323.123
3458	323.136
3459	323.15
3460	323.166
3461	323.181
3462	323.196
3463	323.211
3464	323.226
3465	323.241
3466	323.255
3467	323.27
3468	323.284
3469	323.297
3470	323.311
3471	323.324
3472	323.336
3473	323.348
3474	323.36
3475	323.371
3476	323.381
3477	323.391
3478	323.4
3479	323.409
3480	323.417
3481	323.424
3482	323.43
3483	323.436
3484	323.441
3485	323.445
3486	323.449
3487	323.451
3488	323.453
3489	323.454
3490	323.454
3491	323.454
3492	323.452
3493	323.45
3494	323.447
3495	323.443
3496	323.438
3497	323.433
3498	323.426
3499	323.42
3500	323.412
3501	323.404
3502	323.395
3503	323.386
3504	323.376
3505	323.366
3506	323.355
3507	323.344
3508	323.333
3509	323.321
3510	323.309
3511	323.297
3512	323.284
3513	323.271
3514	323.259
3515	323.246
3516	323.233
3517	323.221
3518	323.21
3519	323.202
3520	323.093
3521	323.101
3522	323.113
3523	323.126
3524	323.14
3525	323.154
3526	323.168
3527	323.182
3528	323.196
3529	323.21
3530	323.223
3531	323.236
3532	323.249
3533	323.262
3534	323.274
3535	323.286
3536	323.298
3537	323.309
3538	323.32
3539	323.331
3540	323.34
3541	323.35
3542	323.358
3543	323.366
3544	323.374
3545	323.38
3546	323.387
3547	323.392
3548	323.397
3549	323.401
3550	323.404
3551	323.406
3552	323.408
3553	323.409
3554	323.409
3555	323.408
3556	323.407
3557	323.405
3558	323.402
3559	323.398
3560	323.394
3561	323.389
3562	323.383
3563	323.377
3564	323.37
3565	323.362
3566	323.354
3567	323.346
3568	323.337
3569	323.327
3570	323.317
3571	323.307
3572	323.296
3573	323.286
3574	323.275
3575	323.263
3576	323.252
3577	323.241
3578	323.229
3579	323.217
3580	323.206
3581	323.195
3582	323.186
3583	323.179
3584	323.071
3585	323.078
3586	323.089
3587	323.101
3588	323.114
3589	323.127
3590	323.14
3591	323.152
3592	323.165
3593	323.178
3594	323.19
3595	323.203
3596	323.215
3597	323.227
3598	323.238
3599	323.249
3600	323.26
3601	323.271
3602	323.281
3603	323.29
3604	323.3
3605	323.308
3606	323.316
3607	323.324
3608	323.331
3609	323.337
3610	323.343
3611	323.348
3612	323.352
3613	323.356
3614	323.359
3615	323.361
3616	323.363
3617	323.364
3618	323.364
3619	323.363
3620	323.362
3621	323.36
3622	323.357
3623	323.354
3624	323.35
3625	323.345
3626	323.34
3627	323.334
3628	323.328
3629	323.321
3630	323.313
3631	323.305
3632	323.297
3633	323.288
3634	323.279
3635	323.27
3636	323.26
3637	323.25
3638	323.24
3639	323.23
3640	323.22
3641	323.209
3642	323.199
3643	323.189
3644	323.179
3645	323.169
3646	323.161
3647	323.155
3648	323.049
3649	323.056
3650	323.065
3651	323.076
3652	323.087
3653	323.099
3654	323.111
3655	323.123
3656	323.134
3657	323.146
3658	323.158
3659	323.169
3660	323.18
3661	323.191
3662	323.202
3663	323.212
3664	323.222
3665	323.232
3666	323.242
3667	323.251
3668	323.259
3669	323.267
3670	323.275
3671	323.282
3672	323.288
3673	323.294
3674	323.299
3675	323.304
3676	323.308
3677	323.312
3678	323.314
3679	323.317
3680	323.318
3681	323.319
3682	323.319
3683	323.318
3684	323.317
3685	323.315
3686	323.313
3687	323.31
3688	323.306
3689	323.302
3690	323.297
3691	323.292
3692	323.286
3693	323.279
3694	323.272
3695	323.265
3696	323.257
3697	323.249
3698	323.241
3699	323.232
3700	323.223
3701	323.214
3702	323.205
3703	323.196
3704	323.187
3705	323.177
3706	323.168
3707	323.159
3708	323.15
3709	323.142
3710	323.135
3711	323.13
3712	323.026
3713	323.032
3714	323.04
3715	323.05
3716	323.06
3717	323.071
3718	323.082
3719	323.092
3720	323.103
3721	323.114
3722	323.124
3723	323.135
3724	323.145
3725	323.156
3726	323.166
3727	323.175
3728	323.185
3729	323.194
3730	323.202
3731	323.211
3732	323.219
3733	323.226
3734	323.233
3735	323.24
3736	323.246
3737	323.251
3738	323.256
3739	323.261
3740	323.265
3741	323.268
3742	323.27
3743	323.272
3744	323.274
3745	323.275
3746	323.275
3747	323.274
3748	323.273
3749	323.271
3750	323.269
3751	323.266
3752	323.263
3753	323.259
3754	323.254
3755	323.249
3756	323.244
3757	323.238
3758	323.232
3759	323.225
3760	323.218
3761	323.21
3762	323.203
3763	323.195
3764	323.187
3765	323.178
3766	323.17
3767	323.162
3768	323.153
3769	323.145
3770	323.137
3771	323.129
3772	323.122
3773	323.115
3774	323.109
3775	323.105
3776	323.003
3777	323.008
3778	323.015
3779	323.024
3780	323.033
3781	323.042
3782	323.052
3783	323.062
3784	323.072
3785	323.081
3786	323.091
3787	323.101
3788	323.111
3789	323.12
3790	323.129
3791	323.138
3792	323.147
3793	323.156
3794	323.164
3795	323.171
3796	323.179
3797	323.186
3798	323.192
3799	323.198
3800	323.204
3801	323.209
3802	323.214
3803	323.218
3804	323.221
3805	323.224
3806	323.227
3807	323.229
3808	323.23
3809	323.231
3810	323.231
3811	323.23
3812	323.229
3813	323.228
3814	323.226
3815	323.223
3816	323.22
3817	323.216
3818	323.212
3819	323.208
3820	323.202
3821	323.197
3822	323.191
3823	323.185
3824	323.178
3825	323.172
3826	323.164
3827	323.157
3828	323.15
3829	323.142
3830	323.135
3831	323.127
3832	323.12
3833	323.113
3834	323.105
3835	323.099
3836	323.092
3837	323.086
3838	323.082
3839	323.078
3840	322.979
3841	322.983
3842	322.99
3843	322.997
3844	323.005
3845	323.014
3846	323.022
3847	323.031
3848	323.04
3849	323.049
3850	323.058
3851	323.067
3852	323.076
3853	323.085
3854	323.094
3855	323.102
3856	323.11
3857	323.118
3858	323.126
3859	323.133
3860	323.14
3861	323.146
3862	323.152
3863	323.158
3864	323.163
3865	323.168
3866	323.172
3867	323.176
3868	323.179
3869	323.182
3870	323.184
3871	323.186
3872	323.187
3873	323.188
3874	323.188
3875	323.188
3876	323.187
3877	323.185
3878	323.183
3879	323.181
3880	323.178
3881	323.175
3882	323.171
3883	323.167
3884	323.162
3885	323.157
3886	323.151
3887	323.146
3888	323.14
3889	323.133
3890	323.127
3891	323.12
3892	323.113
3893	323.107
3894	323.1
3895	323.093
3896	323.086
3897	323.08
3898	323.074
3899	323.068
3900	323.063
3901	323.058
3902	323.054
3903	323.052
3904	322.956
3905	322.959
3906	322.965
3907	322.971
3908	322.978
3909	322.986
3910	322.994
3911	323.002
3912	323.01
3913	323.019
3914	323.027
3915	323.035
3916	323.043
3917	323.052
3918	323.06
3919	323.067
3920	323.075
3921	323.082
3922	323.089
3923	323.096
3924	323.102
3925	323.108
3926	323.114
3927	323.119
3928	323.124
3929	323.129
3930	323.133
3931	323.136
3932	323.139
3933	323.142
3934	323.144
3935	323.146
3936	323.147
3937	323.148
3938	323.148
3939	323.147
3940	323.146
3941	323.145
3942	323.143
3943	323.141
3944	323.138
3945	323.135
3946	323.132
3947	323.128
3948	323.123
3949	323.119
3950	323.114
3951	323.108
3952	323.103
3953	323.097
3954	323.091
3955	323.085
3956	323.079
3957	323.072
3958	323.066
3959	323.06
3960	323.054
3961	323.048
3962	323.043
3963	323.038
3964	323.033
3965	323.03
3966	323.027
3967	323.025
3968	322.934
3969	322.937
3970	322.942
3971	322.947
3972	322.954
3973	322.961
3974	322.968
3975	322.976
3976	322.983
3977	322.991
3978	322.999
3979	323.007
3980	323.014
3981	323.022
3982	323.029
3983	323.037
3984	323.044
3985	323.051
3986	323.057
3987	323.064
3988	323.07
3989	323.075
3990	323.081
3991	323.086
3992	323.09
3993	323.094
3994	323.098
3995	323.101
3996	323.104
3997	323.107
3998	323.109
3999	323.11
4000	323.111
4001	323.112
4002	323.112
4003	323.112
4004	323.111
4005	323.11
4006	323.108
4007	323.106
4008	323.103
4009	323.1
4010	323.097
4011	323.093
4012	323.089
4013	323.085
4014	323.08
4015	323.075
4016	323.07
4017	323.065
4018	323.059
4019	323.053
4020	323.048
4021	323.042
4022	323.036
4023	323.031
4024	323.025
4025	323.02
4026	323.015
4027	323.011
4028	323.007
4029	323.004
4030	323.002
4031	323.001
4032	322.919
4033	322.921
4034	322.925
4035	322.931
4036	322.937
4037	322.943
4038	322.95
4039	322.957
4040	322.965
4041	322.972
4042	322.979
4043	322.987
4044	322.994
4045	323.001
4046	323.008
4047	323.015
4048	323.022
4049	323.029
4050	323.035
4051	323.041
4052	323.047
4053	323.052
4054	323.057
4055	323.062
4056	323.067
4057	323.071
4058	323.074
4059	323.077
4060	323.08
4061	323.083
4062	323.084
4063	323.086
4064	323.087
4065	323.088
4066	323.088
4067	323.087
4068	323.087
4069	323.085
4070	323.084
4071	323.082
4072	323.079
4073	323.077
4074	323.073
4075	323.07
4076	323.066
4077	323.062
4078	323.057
4079	323.053
4080	323.048
4081	323.042
4082	323.037
4083	323.032
4084	323.026
4085	323.021
4086	323.015
4087	323.01
4088	323.005
4089	323
4090	322.995
4091	322.991
4092	322.988
4093	322.985
4094	322.984
4095	322.984
