0	1.0424
1	1.0424
2	1.0424
3	1.0424
4	1.0424
5	1.0424
6	1.0424
7	1.0424
8	1.0424
9	1.0424
10	1.0424
11	1.0424
12	1.0424
13	1.0424
14	1.0424
15	1.0424
16	1.0424
17	1.0424
18	1.0424
19	1.0424
20	1.0424
21	1.0424
22	1.0424
23	1.0424
24	1.0424
25	1.0424
26	1.0424
27	1.0424
28	1.0424
29	1.0424
30	1.0424
31	1.0424
32	1.0424
33	1.0424
34	1.0424
35	1.0424
36	1.0424
37	1.0424
38	1.0424
39	1.0424
40	1.0424
41	1.0424
42	1.0424
43	1.0424
44	1.0424
45	1.0424
46	1.0424
47	1.0424
48	1.0424
49	1.0424
50	1.0424
51	1.0424
52	1.0424
53	1.0424
54	1.0424
55	1.0424
56	1.0424
57	1.0424
58	1.0424
59	1.0424
60	1.0424
61	1.0424
62	1.0424
63	1.0424
64	1.0424
65	1.0424
66	1.0424
67	1.0424
68	1.0424
69	1.0424
70	1.0424
71	1.0424
72	1.0424
73	1.0424
74	1.0424
75	1.0424
76	1.0424
77	1.0424
78	1.0424
79	1.0424
80	1.0424
81	1.0424
82	1.0424
83	1.0424
84	1.0424
85	1.0424
86	1.0424
87	1.0424
88	1.0424
89	1.0424
90	1.0424
91	1.0424
92	1.0424
93	1.0424
94	1.0424
95	1.0424
96	1.0424
97	1.0424
98	1.0424
99	1.0424
100	1.0424
101	1.0424
102	1.0424
103	1.0424
104	1.0424
105	1.0424
106	1.0424
107	1.0424
108	1.0424
109	1.0424
110	1.0424
111	1.0424
112	1.0424
113	1.0424
114	1.0424
115	1.0424
116	1.0424
117	1.0424
118	1.0424
119	1.0424
120	1.0424
121	1.0424
122	1.0424
123	1.0424
124	1.0424
125	1.0424
126	1.0424
127	1.0424
128	1.0424
129	1.0424
130	1.0424
131	1.0424
132	1.0424
133	1.0424
134	1.0424
135	1.0424
136	1.0424
137	1.0424
138	1.0424
139	1.0424
140	1.0424
141	1.0424
142	1.0424
143	1.0424
144	1.0424
145	1.0424
146	1.0424
147	1.0424
148	1.0424
149	1.0424
150	1.0424
151	1.0424
152	1.0424
153	1.0424
154	1.0424
155	1.0424
156	1.0424
157	1.0424
158	1.0424
159	1.0424
160	1.0424
161	1.0424
162	1.0424
163	1.0424
164	1.0424
165	1.0424
166	1.0424
167	1.0424
168	1.0424
169	1.0424
170	1.0424
171	1.0424
172	1.0424
173	1.0424
174	1.0424
175	1.0424
176	1.0424
177	1.0424
178	1.0424
179	1.0424
180	1.0424
181	1.0424
182	1.0424
183	1.0424
184	1.0424
185	1.0424
186	1.0424
187	1.0424
188	1.0424
189	1.0424
190	1.0424
191	1.0424
192	1.0424
193	1.0424
194	1.0424
195	1.0424
196	1.0424
197	1.0424
198	1.0424
199	1.0424
200	1.0424
201	1.0424
202	1.0424
203	1.0424
204	1.0424
205	1.0424
206	1.0424
207	1.0424
208	1.0424
209	1.0424
210	1.0424
211	1.0424
212	1.0424
213	1.0424
214	1.0424
215	1.0424
216	1.0424
217	1.0424
218	1.0424
219	1.0424
220	1.0424
221	1.0424
222	1.0424
223	1.0424
224	1.0424
225	1.0424
226	1.0424
227	1.0424
228	1.0424
229	1.0424
230	1.0424
231	1.0424
232	1.0424
233	1.0424
234	1.0424
235	1.0424
236	1.0424
237	1.0424
238	1.0424
239	1.0424
240	1.0424
241	1.0424
242	1.0424
243	1.0424
244	1.0424
245	1.0424
246	1.0424
247	1.0424
248	1.0424
249	1.0424
250	1.0424
251	1.0424
252	1.0424
253	1.0424
254	1.0424
255	1.0424
256	1.0424
257	1.0424
258	1.0424
259	1.0424
260	1.0424
261	1.0424
262	1.0424
263	1.0424
264	1.0424
265	1.0424
266	1.0424
267	1.0424
268	1.0424
269	1.0424
270	1.0424
271	1.0424
272	1.0424
273	1.0424
274	1.0424
275	1.0424
276	1.0424
277	1.0424
278	1.0424
279	1.0424
280	1.0424
281	1.0424
282	1.0424
283	1.0424
284	1.0424
285	1.0424
286	1.0424
287	1.0424
288	1.0424
289	1.0424
290	1.0424
291	1.0424
292	1.0424
293	1.0424
294	1.0424
295	1.0424
296	1.0424
297	1.0424
298	1.0424
299	1.0424
300	1.0424
301	1.0424
302	1.0424
303	1.0424
304	1.0424
305	1.0424
306	1.0424
307	1.0424
308	1.0424
309	1.0424
310	1.0424
311	1.0424
312	1.0424
313	1.0424
314	1.0424
315	1.0424
316	1.0424
317	1.0424
318	1.0424
319	1.0424
320	1.0424
321	1.0424
322	1.0424
323	1.0424
324	1.0424
325	1.0424
326	1.0424
327	1.0424
328	1.0424
329	1.0424
330	1.0424
331	1.0424
332	1.0424
333	1.0424
334	1.0424
335	1.0424
336	1.0424
337	1.0424
338	1.0424
339	1.0424
340	1.0424
341	1.0424
342	1.0424
343	1.0424
344	1.0424
345	1.0424
346	1.0424
347	1.0424
348	1.0424
349	1.0424
350	1.0424
351	1.0424
352	1.0424
353	1.0424
354	1.0424
355	1.0424
356	1.0424
357	1.0424
358	1.0424
359	1.0424
360	1.0424
361	1.0424
362	1.0424
363	1.0424
364	1.0424
365	1.0424
366	1.0424
367	1.0424
368	1.0424
369	1.0424
370	1.0424
371	1.0424
372	1.0424
373	1.0424
374	1.0424
375	1.0424
376	1.0424
377	1.0424
378	1.0424
379	1.0424
380	1.0424
381	1.0424
382	1.0424
383	1.0424
384	1.0424
385	1.0424
386	1.0424
387	1.0424
388	1.0424
389	1.0424
390	1.0424
391	1.0424
392	1.0424
393	1.0424
394	1.0424
395	1.0424
396	1.0424
397	1.0424
398	1.0424
399	1.0424
400	1.0424
401	1.0424
402	1.0424
403	1.0424
404	1.0424
405	1.0424
406	1.0424
407	1.0424
408	1.0424
409	1.0424
410	1.0424
411	1.0424
412	1.0424
413	1.0424
414	1.0424
415	1.0424
416	1.0424
417	1.0424
418	1.0424
419	1.0424
420	1.0424
421	1.0424
422	1.0424
423	1.0424
424	1.0424
425	1.0424
426	1.0424
427	1.0424
428	1.0424
429	1.0424
430	1.0424
431	1.0424
432	1.0424
433	1.0424
434	1.0424
435	1.0424
436	1.0424
437	1.0424
438	1.0424
439	1.0424
440	1.0424
441	1.0424
442	1.0424
443	1.0424
444	1.0424
445	1.0424
446	1.0424
447	1.0424
448	1.0424
449	1.0424
450	1.0424
451	1.0424
452	1.0424
453	1.0424
454	1.0424
455	1.0424
456	1.0424
457	1.0424
458	1.0424
459	1.0424
460	1.0424
461	1.0424
462	1.0424
463	1.0424
464	1.0424
465	1.0424
466	1.0424
467	1.0424
468	1.0424
469	1.0424
470	1.0424
471	1.0424
472	1.0424
473	1.0424
474	1.0424
475	1.0424
476	1.0424
477	1.0424
478	1.0424
479	1.0424
480	1.0424
481	1.0424
482	1.0424
483	1.0424
484	1.0424
485	1.0424
486	1.0424
487	1.0424
488	1.0424
489	1.0424
490	1.0424
491	1.0424
492	1.0424
493	1.0424
494	1.0424
495	1.0424
496	1.0424
497	1.0424
498	1.0424
499	1.0424
500	1.0424
501	1.0424
502	1.0424
503	1.0424
504	1.0424
505	1.0424
506	1.0424
507	1.0424
508	1.0424
509	1.0424
510	1.0424
511	1.0424
512	1.0424
513	1.0424
514	1.0424
515	1.0424
516	1.0424
517	1.0424
518	1.0424
519	1.0424
520	1.0424
521	1.0424
522	1.0424
523	1.0424
524	1.0424
525	1.0424
526	1.0424
527	1.0424
528	1.0424
529	1.0424
530	1.0424
531	1.0424
532	1.0424
533	1.0424
534	1.0424
535	1.0424
536	1.0424
537	1.0424
538	1.0424
539	1.0424
540	1.0424
541	1.0424
542	1.0424
543	1.0424
544	1.0424
545	1.0424
546	1.0424
547	1.0424
548	1.0424
549	1.0424
550	1.0424
551	1.0424
552	1.0424
553	1.0424
554	1.0424
555	1.0424
556	1.0424
557	1.0424
558	1.0424
559	1.0424
560	1.0424
561	1.0424
562	1.0424
563	1.0424
564	1.0424
565	1.0424
566	1.0424
567	1.0424
568	1.0424
569	1.0424
570	1.0424
571	1.0424
572	1.0424
573	1.0424
574	1.0424
575	1.0424
576	1.0424
577	1.0424
578	1.0424
579	1.0424
580	1.0424
581	1.0424
582	1.0424
583	1.0424
584	1.0424
585	1.0424
586	1.0424
587	1.0424
588	1.0424
589	1.0424
590	1.0424
591	1.0424
592	1.0424
593	1.0424
594	1.0424
595	1.0424
596	1.0424
597	1.0424
598	1.0424
599	1.0424
600	1.0424
601	1.0424
602	1.0424
603	1.0424
604	1.0424
605	1.0424
606	1.0424
607	1.0424
608	1.0424
609	1.0424
610	1.0424
611	1.0424
612	1.0424
613	1.0424
614	1.0424
615	1.0424
616	1.0424
617	1.0424
618	1.0424
619	1.0424
620	1.0424
621	1.0424
622	1.0424
623	1.0424
624	1.0424
625	1.0424
626	1.0424
627	1.0424
628	1.0424
629	1.0424
630	1.0424
631	1.0424
632	1.0424
633	1.0424
634	1.0424
635	1.0424
636	1.0424
637	1.0424
638	1.0424
639	1.0424
640	1.0424
641	1.0424
642	1.0424
643	1.0424
644	1.0424
645	1.0424
646	1.0424
647	1.0424
648	1.0424
649	1.0424
650	1.0424
651	1.0424
652	1.0424
653	1.0424
654	1.0424
655	1.0424
656	1.0424
657	1.0424
658	1.0424
659	1.0424
660	1.0424
661	1.0424
662	1.0424
663	1.0424
664	1.0424
665	1.0424
666	1.0424
667	1.0424
668	1.0424
669	1.0424
670	1.0424
671	1.0424
672	1.0424
673	1.0424
674	1.0424
675	1.0424
676	1.0424
677	1.0424
678	1.0424
679	1.0424
680	1.0424
681	1.0424
682	1.0424
683	1.0424
684	1.0424
685	1.0424
686	1.0424
687	1.0424
688	1.0424
689	1.0424
690	1.0424
691	1.0424
692	1.0424
693	1.0424
694	1.0424
695	1.0424
696	1.0424
697	1.0424
698	1.0424
699	1.0424
700	1.0424
701	1.0424
702	1.0424
703	1.0424
704	1.0424
705	1.0424
706	1.0424
707	1.0424
708	1.0424
709	1.0424
710	1.0424
711	1.0424
712	1.0424
713	1.0424
714	1.0424
715	1.0424
716	1.0424
717	1.0424
718	1.0424
719	1.0424
720	1.0424
721	1.0424
722	1.0424
723	1.0424
724	1.0424
725	1.0424
726	1.0424
727	1.0424
728	1.0424
729	1.0424
730	1.0424
731	1.0424
732	1.0424
733	1.0424
734	1.0424
735	1.0424
736	1.0424
737	1.0424
738	1.0424
739	1.0424
740	1.0424
741	1.0424
742	1.0424
743	1.0424
744	1.0424
745	1.0424
746	1.0424
747	1.0424
748	1.0424
749	1.0424
750	1.0424
751	1.0424
752	1.0424
753	1.0424
754	1.0424
755	1.0424
756	1.0424
757	1.0424
758	1.0424
759	1.0424
760	1.0424
761	1.0424
762	1.0424
763	1.0424
764	1.0424
765	1.0424
766	1.0424
767	1.0424
768	1.0424
769	1.0424
770	1.0424
771	1.0424
772	1.0424
773	1.0424
774	1.0424
775	1.0424
776	1.0424
777	1.0424
778	1.0424
779	1.0424
780	1.0424
781	1.0424
782	1.0424
783	1.0424
784	1.0424
785	1.0424
786	1.0424
787	1.0424
788	1.0424
789	1.0424
790	1.0424
791	1.0424
792	1.0424
793	1.0424
794	1.0424
795	1.0424
796	1.0424
797	1.0424
798	1.0424
799	1.0424
800	1.0424
801	1.0424
802	1.0424
803	1.0424
804	1.0424
805	1.0424
806	1.0424
807	1.0424
808	1.0424
809	1.0424
810	1.0424
811	1.0424
812	1.0424
813	1.0424
814	1.0424
815	1.0424
816	1.0424
817	1.0424
818	1.0424
819	1.0424
820	1.0424
821	1.0424
822	1.0424
823	1.0424
824	1.0424
825	1.0424
826	1.0424
827	1.0424
828	1.0424
829	1.0424
830	1.0424
831	1.0424
832	1.0424
833	1.0424
834	1.0424
835	1.0424
836	1.0424
837	1.0424
838	1.0424
839	1.0424
840	1.0424
841	1.0424
842	1.0424
843	1.0424
844	1.0424
845	1.0424
846	1.0424
847	1.0424
848	1.0424
849	1.0424
850	1.0424
851	1.0424
852	1.0424
853	1.0424
854	1.0424
855	1.0424
856	1.0424
857	1.0424
858	1.0424
859	1.0424
860	1.0424
861	1.0424
862	1.0424
863	1.0424
864	1.0424
865	1.0424
866	1.0424
867	1.0424
868	1.0424
869	1.0424
870	1.0424
871	1.0424
872	1.0424
873	1.0424
874	1.0424
875	1.0424
876	1.0424
877	1.0424
878	1.0424
879	1.0424
880	1.0424
881	1.0424
882	1.0424
883	1.0424
884	1.0424
885	1.0424
886	1.0424
887	1.0424
888	1.0424
889	1.0424
890	1.0424
891	1.0424
892	1.0424
893	1.0424
894	1.0424
895	1.0424
896	1.0424
897	1.0424
898	1.0424
899	1.0424
900	1.0424
901	1.0424
902	1.0424
903	1.0424
904	1.0424
905	1.0424
906	1.0424
907	1.0424
908	1.0424
909	1.0424
910	1.0424
911	1.0424
912	1.0424
913	1.0424
914	1.0424
915	1.0424
916	1.0424
917	1.0424
918	1.0424
919	1.0424
920	1.0424
921	1.0424
922	1.0424
923	1.0424
924	1.0424
925	1.0424
926	1.0424
927	1.0424
928	1.0424
929	1.0424
930	1.0424
931	1.0424
932	1.0424
933	1.0424
934	1.0424
935	1.0424
936	1.0424
937	1.0424
938	1.0424
939	1.0424
940	1.0424
941	1.0424
942	1.0424
943	1.0424
944	1.0424
945	1.0424
946	1.0424
947	1.0424
948	1.0424
949	1.0424
950	1.0424
951	1.0424
952	1.0424
953	1.0424
954	1.0424
955	1.0424
956	1.0424
957	1.0424
958	1.0424
959	1.0424
960	1.0424
961	1.0424
962	1.0424
963	1.0424
964	1.0424
965	1.0424
966	1.0424
967	1.0424
968	1.0424
969	1.0424
970	1.0424
971	1.0424
972	1.0424
973	1.0424
974	1.0424
975	1.0424
976	1.0424
977	1.0424
978	1.0424
979	1.0424
980	1.0424
981	1.0424
982	1.0424
983	1.0424
984	1.0424
985	1.0424
986	1.0424
987	1.0424
988	1.0424
989	1.0424
990	1.0424
991	1.0424
992	1.0424
993	1.0424
994	1.0424
995	1.0424
996	1.0424
997	1.0424
998	1.0424
999	1.0424
1000	1.0424
1001	1.0424
1002	1.0424
1003	1.0424
1004	1.0424
1005	1.0424
1006	1.0424
1007	1.0424
1008	1.0424
1009	1.0424
1010	1.0424
1011	1.0424
1012	1.0424
1013	1.0424
1014	1.0424
1015	1.0424
1016	1.0424
1017	1.0424
1018	1.0424
1019	1.0424
1020	1.0424
1021	1.0424
1022	1.0424
1023	1.0424
1024	1.0424
1025	1.0424
1026	1.0424
1027	1.0424
1028	1.0424
1029	1.0424
1030	1.0424
1031	1.0424
1032	1.0424
1033	1.0424
1034	1.0424
1035	1.0424
1036	1.0424
1037	1.0424
1038	1.0424
1039	1.0424
1040	1.0424
1041	1.0424
1042	1.0424
1043	1.0424
1044	1.0424
1045	1.0424
1046	1.0424
1047	1.0424
1048	1.0424
1049	1.0424
1050	1.0424
1051	1.0424
1052	1.0424
1053	1.0424
1054	1.0424
1055	1.0424
1056	1.0424
1057	1.0424
1058	1.0424
1059	1.0424
1060	1.0424
1061	1.0424
1062	1.0424
1063	1.0424
1064	1.0424
1065	1.0424
1066	1.0424
1067	1.0424
1068	1.0424
1069	1.0424
1070	1.0424
1071	1.0424
1072	1.0424
1073	1.0424
1074	1.0424
1075	1.0424
1076	1.0424
1077	1.0424
1078	1.0424
1079	1.0424
1080	1.0424
1081	1.0424
1082	1.0424
1083	1.0424
1084	1.0424
1085	1.0424
1086	1.0424
1087	1.0424
1088	1.0424
1089	1.0424
1090	1.0424
1091	1.0424
1092	1.0424
1093	1.0424
1094	1.0424
1095	1.0424
1096	1.0424
1097	1.0424
1098	1.0424
1099	1.0424
1100	1.0424
1101	1.0424
1102	1.0424
1103	1.0424
1104	1.0424
1105	1.0424
1106	1.0424
1107	1.0424
1108	1.0424
1109	1.0424
1110	1.0424
1111	1.0424
1112	1.0424
1113	1.0424
1114	1.0424
1115	1.0424
1116	1.0424
1117	1.0424
1118	1.0424
1119	1.0424
1120	1.0424
1121	1.0424
1122	1.0424
1123	1.0424
1124	1.0424
1125	1.0424
1126	1.0424
1127	1.0424
1128	1.0424
1129	1.0424
1130	1.0424
1131	1.0424
1132	1.0424
1133	1.0424
1134	1.0424
1135	1.0424
1136	1.0424
1137	1.0424
1138	1.0424
1139	1.0424
1140	1.0424
1141	1.0424
1142	1.0424
1143	1.0424
1144	1.0424
1145	1.0424
1146	1.0424
1147	1.0424
1148	1.0424
1149	1.0424
1150	1.0424
1151	1.0424
1152	1.0424
1153	1.0424
1154	1.0424
1155	1.0424
1156	1.0424
1157	1.0424
1158	1.0424
1159	1.0424
1160	1.0424
1161	1.0424
1162	1.0424
1163	1.0424
1164	1.0424
1165	1.0424
1166	1.0424
1167	1.0424
1168	1.0424
1169	1.0424
1170	1.0424
1171	1.0424
1172	1.0424
1173	1.0424
1174	1.0424
1175	1.0424
1176	1.0424
1177	1.0424
1178	1.0424
1179	1.0424
1180	1.0424
1181	1.0424
1182	1.0424
1183	1.0424
1184	1.0424
1185	1.0424
1186	1.0424
1187	1.0424
1188	1.0424
1189	1.0424
1190	1.0424
1191	1.0424
1192	1.0424
1193	1.0424
1194	1.0424
1195	1.0424
1196	1.0424
1197	1.0424
1198	1.0424
1199	1.0424
1200	1.0424
1201	1.0424
1202	1.0424
1203	1.0424
1204	1.0424
1205	1.0424
1206	1.0424
1207	1.0424
1208	1.0424
1209	1.0424
1210	1.0424
1211	1.0424
1212	1.0424
1213	1.0424
1214	1.0424
1215	1.0424
1216	1.0424
1217	1.0424
1218	1.0424
1219	1.0424
1220	1.0424
1221	1.0424
1222	1.0424
1223	1.0424
1224	1.0424
1225	1.0424
1226	1.0424
1227	1.0424
1228	1.0424
1229	1.0424
1230	1.0424
1231	1.0424
1232	1.0424
1233	1.0424
1234	1.0424
1235	1.0424
1236	1.0424
1237	1.0424
1238	1.0424
1239	1.0424
1240	1.0424
1241	1.0424
1242	1.0424
1243	1.0424
1244	1.0424
1245	1.0424
1246	1.0424
1247	1.0424
1248	1.0424
1249	1.0424
1250	1.0424
1251	1.0424
1252	1.0424
1253	1.0424
1254	1.0424
1255	1.0424
1256	1.0424
1257	1.0424
1258	1.0424
1259	1.0424
1260	1.0424
1261	1.0424
1262	1.0424
1263	1.0424
1264	1.0424
1265	1.0424
1266	1.0424
1267	1.0424
1268	1.0424
1269	1.0424
1270	1.0424
1271	1.0424
1272	1.0424
1273	1.0424
1274	1.0424
1275	1.0424
1276	1.0424
1277	1.0424
1278	1.0424
1279	1.0424
1280	1.0424
1281	1.0424
1282	1.0424
1283	1.0424
1284	1.0424
1285	1.0424
1286	1.0424
1287	1.0424
1288	1.0424
1289	1.0424
1290	1.0424
1291	1.0424
1292	1.0424
1293	1.0424
1294	1.0424
1295	1.0424
1296	1.0424
1297	1.0424
1298	1.0424
1299	1.0424
1300	1.0424
1301	1.0424
1302	1.0424
1303	1.0424
1304	1.0424
1305	1.0424
1306	1.0424
1307	1.0424
1308	1.0424
1309	1.0424
1310	1.0424
1311	1.0424
1312	1.0424
1313	1.0424
1314	1.0424
1315	1.0424
1316	1.0424
1317	1.0424
1318	1.0424
1319	1.0424
1320	1.0424
1321	1.0424
1322	1.0424
1323	1.0424
1324	1.0424
1325	1.0424
1326	1.0424
1327	1.0424
1328	1.0424
1329	1.0424
1330	1.0424
1331	1.0424
1332	1.0424
1333	1.0424
1334	1.0424
1335	1.0424
1336	1.0424
1337	1.0424
1338	1.0424
1339	1.0424
1340	1.0424
1341	1.0424
1342	1.0424
1343	1.0424
1344	1.0424
1345	1.0424
1346	1.0424
1347	1.0424
1348	1.0424
1349	1.0424
1350	1.0424
1351	1.0424
1352	1.0424
1353	1.0424
1354	1.0424
1355	1.0424
1356	1.0424
1357	1.0424
1358	1.0424
1359	1.0424
1360	1.0424
1361	1.0424
1362	1.0424
1363	1.0424
1364	1.0424
1365	1.0424
1366	1.0424
1367	1.0424
1368	1.0424
1369	1.0424
1370	1.0424
1371	1.0424
1372	1.0424
1373	1.0424
1374	1.0424
1375	1.0424
1376	1.0424
1377	1.0424
1378	1.0424
1379	1.0424
1380	1.0424
1381	1.0424
1382	1.0424
1383	1.0424
1384	1.0424
1385	1.0424
1386	1.0424
1387	1.0424
1388	1.0424
1389	1.0424
1390	1.0424
1391	1.0424
1392	1.0424
1393	1.0424
1394	1.0424
1395	1.0424
1396	1.0424
1397	1.0424
1398	1.0424
1399	1.0424
1400	1.0424
1401	1.0424
1402	1.0424
1403	1.0424
1404	1.0424
1405	1.0424
1406	1.0424
1407	1.0424
1408	1.0424
1409	1.0424
1410	1.0424
1411	1.0424
1412	1.0424
1413	1.0424
1414	1.0424
1415	1.0424
1416	1.0424
1417	1.0424
1418	1.0424
1419	1.0424
1420	1.0424
1421	1.0424
1422	1.0424
1423	1.0424
1424	1.0424
1425	1.0424
1426	1.0424
1427	1.0424
1428	1.0424
1429	1.0424
1430	1.0424
1431	1.0424
1432	1.0424
1433	1.0424
1434	1.0424
1435	1.0424
1436	1.0424
1437	1.0424
1438	1.0424
1439	1.0424
1440	1.0424
1441	1.0424
1442	1.0424
1443	1.0424
1444	1.0424
1445	1.0424
1446	1.0424
1447	1.0424
1448	1.0424
1449	1.0424
1450	1.0424
1451	1.0424
1452	1.0424
1453	1.0424
1454	1.0424
1455	1.0424
1456	1.0424
1457	1.0424
1458	1.0424
1459	1.0424
1460	1.0424
1461	1.0424
1462	1.0424
1463	1.0424
1464	1.0424
1465	1.0424
1466	1.0424
1467	1.0424
1468	1.0424
1469	1.0424
1470	1.0424
1471	1.0424
1472	1.0424
1473	1.0424
1474	1.0424
1475	1.0424
1476	1.0424
1477	1.0424
1478	1.0424
1479	1.0424
1480	1.0424
1481	1.0424
1482	1.0424
1483	1.0424
1484	1.0424
1485	1.0424
1486	1.0424
1487	1.0424
1488	1.0424
1489	1.0424
1490	1.0424
1491	1.0424
1492	1.0424
1493	1.0424
1494	1.0424
1495	1.0424
1496	1.0424
1497	1.0424
1498	1.0424
1499	1.0424
1500	1.0424
1501	1.0424
1502	1.0424
1503	1.0424
1504	1.0424
1505	1.0424
1506	1.0424
1507	1.0424
1508	1.0424
1509	1.0424
1510	1.0424
1511	1.0424
1512	1.0424
1513	1.0424
1514	1.0424
1515	1.0424
1516	1.0424
1517	1.0424
1518	1.0424
1519	1.0424
1520	1.0424
1521	1.0424
1522	1.0424
1523	1.0424
1524	1.0424
1525	1.0424
1526	1.0424
1527	1.0424
1528	1.0424
1529	1.0424
1530	1.0424
1531	1.0424
1532	1.0424
1533	1.0424
1534	1.0424
1535	1.0424
1536	1.0424
1537	1.0424
1538	1.0424
1539	1.0424
1540	1.0424
1541	1.0424
1542	1.0424
1543	1.0424
1544	1.0424
1545	1.0424
1546	1.0424
1547	1.0424
1548	1.0424
1549	1.0424
1550	1.0424
1551	1.0424
1552	1.0424
1553	1.0424
1554	1.0424
1555	1.0424
1556	1.0424
1557	1.0424
1558	1.0424
1559	1.0424
1560	1.0424
1561	1.0424
1562	1.0424
1563	1.0424
1564	1.0424
1565	1.0424
1566	1.0424
1567	1.0424
1568	1.0424
1569	1.0424
1570	1.0424
1571	1.0424
1572	1.0424
1573	1.0424
1574	1.0424
1575	1.0424
1576	1.0424
1577	1.0424
1578	1.0424
1579	1.0424
1580	1.0424
1581	1.0424
1582	1.0424
1583	1.0424
1584	1.0424
1585	1.0424
1586	1.0424
1587	1.0424
1588	1.0424
1589	1.0424
1590	1.0424
1591	1.0424
1592	1.0424
1593	1.0424
1594	1.0424
1595	1.0424
1596	1.0424
1597	1.0424
1598	1.0424
1599	1.0424
1600	1.0424
1601	1.0424
1602	1.0424
1603	1.0424
1604	1.0424
1605	1.0424
1606	1.0424
1607	1.0424
1608	1.0424
1609	1.0424
1610	1.0424
1611	1.0424
1612	1.0424
1613	1.0424
1614	1.0424
1615	1.0424
1616	1.0424
1617	1.0424
1618	1.0424
1619	1.0424
1620	1.0424
1621	1.0424
1622	1.0424
1623	1.0424
1624	1.0424
1625	1.0424
1626	1.0424
1627	1.0424
1628	1.0424
1629	1.0424
1630	1.0424
1631	1.0424
1632	1.0424
1633	1.0424
1634	1.0424
1635	1.0424
1636	1.0424
1637	1.0424
1638	1.0424
1639	1.0424
1640	1.0424
1641	1.0424
1642	1.0424
1643	1.0424
1644	1.0424
1645	1.0424
1646	1.0424
1647	1.0424
1648	1.0424
1649	1.0424
1650	1.0424
1651	1.0424
1652	1.0424
1653	1.0424
1654	1.0424
1655	1.0424
1656	1.0424
1657	1.0424
1658	1.0424
1659	1.0424
1660	1.0424
1661	1.0424
1662	1.0424
1663	1.0424
1664	1.0424
1665	1.0424
1666	1.0424
1667	1.0424
1668	1.0424
1669	1.0424
1670	1.0424
1671	1.0424
1672	1.0424
1673	1.0424
1674	1.0424
1675	1.0424
1676	1.0424
1677	1.0424
1678	1.0424
1679	1.0424
1680	1.0424
1681	1.0424
1682	1.0424
1683	1.0424
1684	1.0424
1685	1.0424
1686	1.0424
1687	1.0424
1688	1.0424
1689	1.0424
1690	1.0424
1691	1.0424
1692	1.0424
1693	1.0424
1694	1.0424
1695	1.0424
1696	1.0424
1697	1.0424
1698	1.0424
1699	1.0424
1700	1.0424
1701	1.0424
1702	1.0424
1703	1.0424
1704	1.0424
1705	1.0424
1706	1.0424
1707	1.0424
1708	1.0424
1709	1.0424
1710	1.0424
1711	1.0424
1712	1.0424
1713	1.0424
1714	1.0424
1715	1.0424
1716	1.0424
1717	1.0424
1718	1.0424
1719	1.0424
1720	1.0424
1721	1.0424
1722	1.0424
1723	1.0424
1724	1.0424
1725	1.0424
1726	1.0424
1727	1.0424
1728	1.0424
1729	1.0424
1730	1.0424
1731	1.0424
1732	1.0424
1733	1.0424
1734	1.0424
1735	1.0424
1736	1.0424
1737	1.0424
1738	1.0424
1739	1.0424
1740	1.0424
1741	1.0424
1742	1.0424
1743	1.0424
1744	1.0424
1745	1.0424
1746	1.0424
1747	1.0424
1748	1.0424
1749	1.0424
1750	1.0424
1751	1.0424
1752	1.0424
1753	1.0424
1754	1.0424
1755	1.0424
1756	1.0424
1757	1.0424
1758	1.0424
1759	1.0424
1760	1.0424
1761	1.0424
1762	1.0424
1763	1.0424
1764	1.0424
1765	1.0424
1766	1.0424
1767	1.0424
1768	1.0424
1769	1.0424
1770	1.0424
1771	1.0424
1772	1.0424
1773	1.0424
1774	1.0424
1775	1.0424
1776	1.0424
1777	1.0424
1778	1.0424
1779	1.0424
1780	1.0424
1781	1.0424
1782	1.0424
1783	1.0424
1784	1.0424
1785	1.0424
1786	1.0424
1787	1.0424
1788	1.0424
1789	1.0424
1790	1.0424
1791	1.0424
1792	1.0424
1793	1.0424
1794	1.0424
1795	1.0424
1796	1.0424
1797	1.0424
1798	1.0424
1799	1.0424
1800	1.0424
1801	1.0424
1802	1.0424
1803	1.0424
1804	1.0424
1805	1.0424
1806	1.0424
1807	1.0424
1808	1.0424
1809	1.0424
1810	1.0424
1811	1.0424
1812	1.0424
1813	1.0424
1814	1.0424
1815	1.0424
1816	1.0424
1817	1.0424
1818	1.0424
1819	1.0424
1820	1.0424
1821	1.0424
1822	1.0424
1823	1.0424
1824	1.0424
1825	1.0424
1826	1.0424
1827	1.0424
1828	1.0424
1829	1.0424
1830	1.0424
1831	1.0424
1832	1.0424
1833	1.0424
1834	1.0424
1835	1.0424
1836	1.0424
1837	1.0424
1838	1.0424
1839	1.0424
1840	1.0424
1841	1.0424
1842	1.0424
1843	1.0424
1844	1.0424
1845	1.0424
1846	1.0424
1847	1.0424
1848	1.0424
1849	1.0424
1850	1.0424
1851	1.0424
1852	1.0424
1853	1.0424
1854	1.0424
1855	1.0424
1856	1.0424
1857	1.0424
1858	1.0424
1859	1.0424
1860	1.0424
1861	1.0424
1862	1.0424
1863	1.0424
1864	1.0424
1865	1.0424
1866	1.0424
1867	1.0424
1868	1.0424
1869	1.0424
1870	1.0424
1871	1.0424
1872	1.0424
1873	1.0424
1874	1.0424
1875	1.0424
1876	1.0424
1877	1.0424
1878	1.0424
1879	1.0424
1880	1.0424
1881	1.0424
1882	1.0424
1883	1.0424
1884	1.0424
1885	1.0424
1886	1.0424
1887	1.0424
1888	1.0424
1889	1.0424
1890	1.0424
1891	1.0424
1892	1.0424
1893	1.0424
1894	1.0424
1895	1.0424
1896	1.0424
1897	1.0424
1898	1.0424
1899	1.0424
1900	1.0424
1901	1.0424
1902	1.0424
1903	1.0424
1904	1.0424
1905	1.0424
1906	1.0424
1907	1.0424
1908	1.0424
1909	1.0424
1910	1.0424
1911	1.0424
1912	1.0424
1913	1.0424
1914	1.0424
1915	1.0424
1916	1.0424
1917	1.0424
1918	1.0424
1919	1.0424
1920	1.0424
1921	1.0424
1922	1.0424
1923	1.0424
1924	1.0424
1925	1.0424
1926	1.0424
1927	1.0424
1928	1.0424
1929	1.0424
1930	1.0424
1931	1.0424
1932	1.0424
1933	1.0424
1934	1.0424
1935	1.0424
1936	1.0424
1937	1.0424
1938	1.0424
1939	1.0424
1940	1.0424
1941	1.0424
1942	1.0424
1943	1.0424
1944	1.0424
1945	1.0424
1946	1.0424
1947	1.0424
1948	1.0424
1949	1.0424
1950	1.0424
1951	1.0424
1952	1.0424
1953	1.0424
1954	1.0424
1955	1.0424
1956	1.0424
1957	1.0424
1958	1.0424
1959	1.0424
1960	1.0424
1961	1.0424
1962	1.0424
1963	1.0424
1964	1.0424
1965	1.0424
1966	1.0424
1967	1.0424
1968	1.0424
1969	1.0424
1970	1.0424
1971	1.0424
1972	1.0424
1973	1.0424
1974	1.0424
1975	1.0424
1976	1.0424
1977	1.0424
1978	1.0424
1979	1.0424
1980	1.0424
1981	1.0424
1982	1.0424
1983	1.0424
1984	1.0424
1985	1.0424
1986	1.0424
1987	1.0424
1988	1.0424
1989	1.0424
1990	1.0424
1991	1.0424
1992	1.0424
1993	1.0424
1994	1.0424
1995	1.0424
1996	1.0424
1997	1.0424
1998	1.0424
1999	1.0424
2000	1.0424
2001	1.0424
2002	1.0424
2003	1.0424
2004	1.0424
2005	1.0424
2006	1.0424
2007	1.0424
2008	1.0424
2009	1.0424
2010	1.0424
2011	1.0424
2012	1.0424
2013	1.0424
2014	1.0424
2015	1.0424
2016	1.0424
2017	1.0424
2018	1.0424
2019	1.0424
2020	1.0424
2021	1.0424
2022	1.0424
2023	1.0424
2024	1.0424
2025	1.0424
2026	1.0424
2027	1.0424
2028	1.0424
2029	1.0424
2030	1.0424
2031	1.0424
2032	1.0424
2033	1.0424
2034	1.0424
2035	1.0424
2036	1.0424
2037	1.0424
2038	1.0424
2039	1.0424
2040	1.0424
2041	1.0424
2042	1.0424
2043	1.0424
2044	1.0424
2045	1.0424
2046	1.0424
2047	1.0424
2048	1.0424
2049	1.0424
2050	1.0424
2051	1.0424
2052	1.0424
2053	1.0424
2054	1.0424
2055	1.0424
2056	1.0424
2057	1.0424
2058	1.0424
2059	1.0424
2060	1.0424
2061	1.0424
2062	1.0424
2063	1.0424
2064	1.0424
2065	1.0424
2066	1.0424
2067	1.0424
2068	1.0424
2069	1.0424
2070	1.0424
2071	1.0424
2072	1.0424
2073	1.0424
2074	1.0424
2075	1.0424
2076	1.0424
2077	1.0424
2078	1.0424
2079	1.0424
2080	1.0424
2081	1.0424
2082	1.0424
2083	1.0424
2084	1.0424
2085	1.0424
2086	1.0424
2087	1.0424
2088	1.0424
2089	1.0424
2090	1.0424
2091	1.0424
2092	1.0424
2093	1.0424
2094	1.0424
2095	1.0424
2096	1.0424
2097	1.0424
2098	1.0424
2099	1.0424
2100	1.0424
2101	1.0424
2102	1.0424
2103	1.0424
2104	1.0424
2105	1.0424
2106	1.0424
2107	1.0424
2108	1.0424
2109	1.0424
2110	1.0424
2111	1.0424
2112	1.0424
2113	1.0424
2114	1.0424
2115	1.0424
2116	1.0424
2117	1.0424
2118	1.0424
2119	1.0424
2120	1.0424
2121	1.0424
2122	1.0424
2123	1.0424
2124	1.0424
2125	1.0424
2126	1.0424
2127	1.0424
2128	1.0424
2129	1.0424
2130	1.0424
2131	1.0424
2132	1.0424
2133	1.0424
2134	1.0424
2135	1.0424
2136	1.0424
2137	1.0424
2138	1.0424
2139	1.0424
2140	1.0424
2141	1.0424
2142	1.0424
2143	1.0424
2144	1.0424
2145	1.0424
2146	1.0424
2147	1.0424
2148	1.0424
2149	1.0424
2150	1.0424
2151	1.0424
2152	1.0424
2153	1.0424
2154	1.0424
2155	1.0424
2156	1.0424
2157	1.0424
2158	1.0424
2159	1.0424
2160	1.0424
2161	1.0424
2162	1.0424
2163	1.0424
2164	1.0424
2165	1.0424
2166	1.0424
2167	1.0424
2168	1.0424
2169	1.0424
2170	1.0424
2171	1.0424
2172	1.0424
2173	1.0424
2174	1.0424
2175	1.0424
2176	1.0424
2177	1.0424
2178	1.0424
2179	1.0424
2180	1.0424
2181	1.0424
2182	1.0424
2183	1.0424
2184	1.0424
2185	1.0424
2186	1.0424
2187	1.0424
2188	1.0424
2189	1.0424
2190	1.0424
2191	1.0424
2192	1.0424
2193	1.0424
2194	1.0424
2195	1.0424
2196	1.0424
2197	1.0424
2198	1.0424
2199	1.0424
2200	1.0424
2201	1.0424
2202	1.0424
2203	1.0424
2204	1.0424
2205	1.0424
2206	1.0424
2207	1.0424
2208	1.0424
2209	1.0424
2210	1.0424
2211	1.0424
2212	1.0424
2213	1.0424
2214	1.0424
2215	1.0424
2216	1.0424
2217	1.0424
2218	1.0424
2219	1.0424
2220	1.0424
2221	1.0424
2222	1.0424
2223	1.0424
2224	1.0424
2225	1.0424
2226	1.0424
2227	1.0424
2228	1.0424
2229	1.0424
2230	1.0424
2231	1.0424
2232	1.0424
2233	1.0424
2234	1.0424
2235	1.0424
2236	1.0424
2237	1.0424
2238	1.0424
2239	1.0424
2240	1.0424
2241	1.0424
2242	1.0424
2243	1.0424
2244	1.0424
2245	1.0424
2246	1.0424
2247	1.0424
2248	1.0424
2249	1.0424
2250	1.0424
2251	1.0424
2252	1.0424
2253	1.0424
2254	1.0424
2255	1.0424
2256	1.0424
2257	1.0424
2258	1.0424
2259	1.0424
2260	1.0424
2261	1.0424
2262	1.0424
2263	1.0424
2264	1.0424
2265	1.0424
2266	1.0424
2267	1.0424
2268	1.0424
2269	1.0424
2270	1.0424
2271	1.0424
2272	1.0424
2273	1.0424
2274	1.0424
2275	1.0424
2276	1.0424
2277	1.0424
2278	1.0424
2279	1.0424
2280	1.0424
2281	1.0424
2282	1.0424
2283	1.0424
2284	1.0424
2285	1.0424
2286	1.0424
2287	1.0424
2288	1.0424
2289	1.0424
2290	1.0424
2291	1.0424
2292	1.0424
2293	1.0424
2294	1.0424
2295	1.0424
2296	1.0424
2297	1.0424
2298	1.0424
2299	1.0424
2300	1.0424
2301	1.0424
2302	1.0424
2303	1.0424
2304	1.0424
2305	1.0424
2306	1.0424
2307	1.0424
2308	1.0424
2309	1.0424
2310	1.0424
2311	1.0424
2312	1.0424
2313	1.0424
2314	1.0424
2315	1.0424
2316	1.0424
2317	1.0424
2318	1.0424
2319	1.0424
2320	1.0424
2321	1.0424
2322	1.0424
2323	1.0424
2324	1.0424
2325	1.0424
2326	1.0424
2327	1.0424
2328	1.0424
2329	1.0424
2330	1.0424
2331	1.0424
2332	1.0424
2333	1.0424
2334	1.0424
2335	1.0424
2336	1.0424
2337	1.0424
2338	1.0424
2339	1.0424
2340	1.0424
2341	1.0424
2342	1.0424
2343	1.0424
2344	1.0424
2345	1.0424
2346	1.0424
2347	1.0424
2348	1.0424
2349	1.0424
2350	1.0424
2351	1.0424
2352	1.0424
2353	1.0424
2354	1.0424
2355	1.0424
2356	1.0424
2357	1.0424
2358	1.0424
2359	1.0424
2360	1.0424
2361	1.0424
2362	1.0424
2363	1.0424
2364	1.0424
2365	1.0424
2366	1.0424
2367	1.0424
2368	1.0424
2369	1.0424
2370	1.0424
2371	1.0424
2372	1.0424
2373	1.0424
2374	1.0424
2375	1.0424
2376	1.0424
2377	1.0424
2378	1.0424
2379	1.0424
2380	1.0424
2381	1.0424
2382	1.0424
2383	1.0424
2384	1.0424
2385	1.0424
2386	1.0424
2387	1.0424
2388	1.0424
2389	1.0424
2390	1.0424
2391	1.0424
2392	1.0424
2393	1.0424
2394	1.0424
2395	1.0424
2396	1.0424
2397	1.0424
2398	1.0424
2399	1.0424
2400	1.0424
2401	1.0424
2402	1.0424
2403	1.0424
2404	1.0424
2405	1.0424
2406	1.0424
2407	1.0424
2408	1.0424
2409	1.0424
2410	1.0424
2411	1.0424
2412	1.0424
2413	1.0424
2414	1.0424
2415	1.0424
2416	1.0424
2417	1.0424
2418	1.0424
2419	1.0424
2420	1.0424
2421	1.0424
2422	1.0424
2423	1.0424
2424	1.0424
2425	1.0424
2426	1.0424
2427	1.0424
2428	1.0424
2429	1.0424
2430	1.0424
2431	1.0424
2432	1.0424
2433	1.0424
2434	1.0424
2435	1.0424
2436	1.0424
2437	1.0424
2438	1.0424
2439	1.0424
2440	1.0424
2441	1.0424
2442	1.0424
2443	1.0424
2444	1.0424
2445	1.0424
2446	1.0424
2447	1.0424
2448	1.0424
2449	1.0424
2450	1.0424
2451	1.0424
2452	1.0424
2453	1.0424
2454	1.0424
2455	1.0424
2456	1.0424
2457	1.0424
2458	1.0424
2459	1.0424
2460	1.0424
2461	1.0424
2462	1.0424
2463	1.0424
2464	1.0424
2465	1.0424
2466	1.0424
2467	1.0424
2468	1.0424
2469	1.0424
2470	1.0424
2471	1.0424
2472	1.0424
2473	1.0424
2474	1.0424
2475	1.0424
2476	1.0424
2477	1.0424
2478	1.0424
2479	1.0424
2480	1.0424
2481	1.0424
2482	1.0424
2483	1.0424
2484	1.0424
2485	1.0424
2486	1.0424
2487	1.0424
2488	1.0424
2489	1.0424
2490	1.0424
2491	1.0424
2492	1.0424
2493	1.0424
2494	1.0424
2495	1.0424
2496	1.0424
2497	1.0424
2498	1.0424
2499	1.0424
2500	1.0424
2501	1.0424
2502	1.0424
2503	1.0424
2504	1.0424
2505	1.0424
2506	1.0424
2507	1.0424
2508	1.0424
2509	1.0424
2510	1.0424
2511	1.0424
2512	1.0424
2513	1.0424
2514	1.0424
2515	1.0424
2516	1.0424
2517	1.0424
2518	1.0424
2519	1.0424
2520	1.0424
2521	1.0424
2522	1.0424
2523	1.0424
2524	1.0424
2525	1.0424
2526	1.0424
2527	1.0424
2528	1.0424
2529	1.0424
2530	1.0424
2531	1.0424
2532	1.0424
2533	1.0424
2534	1.0424
2535	1.0424
2536	1.0424
2537	1.0424
2538	1.0424
2539	1.0424
2540	1.0424
2541	1.0424
2542	1.0424
2543	1.0424
2544	1.0424
2545	1.0424
2546	1.0424
2547	1.0424
2548	1.0424
2549	1.0424
2550	1.0424
2551	1.0424
2552	1.0424
2553	1.0424
2554	1.0424
2555	1.0424
2556	1.0424
2557	1.0424
2558	1.0424
2559	1.0424
2560	1.0424
2561	1.0424
2562	1.0424
2563	1.0424
2564	1.0424
2565	1.0424
2566	1.0424
2567	1.0424
2568	1.0424
2569	1.0424
2570	1.0424
2571	1.0424
2572	1.0424
2573	1.0424
2574	1.0424
2575	1.0424
2576	1.0424
2577	1.0424
2578	1.0424
2579	1.0424
2580	1.0424
2581	1.0424
2582	1.0424
2583	1.0424
2584	1.0424
2585	1.0424
2586	1.0424
2587	1.0424
2588	1.0424
2589	1.0424
2590	1.0424
2591	1.0424
2592	1.0424
2593	1.0424
2594	1.0424
2595	1.0424
2596	1.0424
2597	1.0424
2598	1.0424
2599	1.0424
2600	1.0424
2601	1.0424
2602	1.0424
2603	1.0424
2604	1.0424
2605	1.0424
2606	1.0424
2607	1.0424
2608	1.0424
2609	1.0424
2610	1.0424
2611	1.0424
2612	1.0424
2613	1.0424
2614	1.0424
2615	1.0424
2616	1.0424
2617	1.0424
2618	1.0424
2619	1.0424
2620	1.0424
2621	1.0424
2622	1.0424
2623	1.0424
2624	1.0424
2625	1.0424
2626	1.0424
2627	1.0424
2628	1.0424
2629	1.0424
2630	1.0424
2631	1.0424
2632	1.0424
2633	1.0424
2634	1.0424
2635	1.0424
2636	1.0424
2637	1.0424
2638	1.0424
2639	1.0424
2640	1.0424
2641	1.0424
2642	1.0424
2643	1.0424
2644	1.0424
2645	1.0424
2646	1.0424
2647	1.0424
2648	1.0424
2649	1.0424
2650	1.0424
2651	1.0424
2652	1.0424
2653	1.0424
2654	1.0424
2655	1.0424
2656	1.0424
2657	1.0424
2658	1.0424
2659	1.0424
2660	1.0424
2661	1.0424
2662	1.0424
2663	1.0424
2664	1.0424
2665	1.0424
2666	1.0424
2667	1.0424
2668	1.0424
2669	1.0424
2670	1.0424
2671	1.0424
2672	1.0424
2673	1.0424
2674	1.0424
2675	1.0424
2676	1.0424
2677	1.0424
2678	1.0424
2679	1.0424
2680	1.0424
2681	1.0424
2682	1.0424
2683	1.0424
2684	1.0424
2685	1.0424
2686	1.0424
2687	1.0424
2688	1.0424
2689	1.0424
2690	1.0424
2691	1.0424
2692	1.0424
2693	1.0424
2694	1.0424
2695	1.0424
2696	1.0424
2697	1.0424
2698	1.0424
2699	1.0424
2700	1.0424
2701	1.0424
2702	1.0424
2703	1.0424
2704	1.0424
2705	1.0424
2706	1.0424
2707	1.0424
2708	1.0424
2709	1.0424
2710	1.0424
2711	1.0424
2712	1.0424
2713	1.0424
2714	1.0424
2715	1.0424
2716	1.0424
2717	1.0424
2718	1.0424
2719	1.0424
2720	1.0424
2721	1.0424
2722	1.0424
2723	1.0424
2724	1.0424
2725	1.0424
2726	1.0424
2727	1.0424
2728	1.0424
2729	1.0424
2730	1.0424
2731	1.0424
2732	1.0424
2733	1.0424
2734	1.0424
2735	1.0424
2736	1.0424
2737	1.0424
2738	1.0424
2739	1.0424
2740	1.0424
2741	1.0424
2742	1.0424
2743	1.0424
2744	1.0424
2745	1.0424
2746	1.0424
2747	1.0424
2748	1.0424
2749	1.0424
2750	1.0424
2751	1.0424
2752	1.0424
2753	1.0424
2754	1.0424
2755	1.0424
2756	1.0424
2757	1.0424
2758	1.0424
2759	1.0424
2760	1.0424
2761	1.0424
2762	1.0424
2763	1.0424
2764	1.0424
2765	1.0424
2766	1.0424
2767	1.0424
2768	1.0424
2769	1.0424
2770	1.0424
2771	1.0424
2772	1.0424
2773	1.0424
2774	1.0424
2775	1.0424
2776	1.0424
2777	1.0424
2778	1.0424
2779	1.0424
2780	1.0424
2781	1.0424
2782	1.0424
2783	1.0424
2784	1.0424
2785	1.0424
2786	1.0424
2787	1.0424
2788	1.0424
2789	1.0424
2790	1.0424
2791	1.0424
2792	1.0424
2793	1.0424
2794	1.0424
2795	1.0424
2796	1.0424
2797	1.0424
2798	1.0424
2799	1.0424
2800	1.0424
2801	1.0424
2802	1.0424
2803	1.0424
2804	1.0424
2805	1.0424
2806	1.0424
2807	1.0424
2808	1.0424
2809	1.0424
2810	1.0424
2811	1.0424
2812	1.0424
2813	1.0424
2814	1.0424
2815	1.0424
2816	1.0424
2817	1.0424
2818	1.0424
2819	1.0424
2820	1.0424
2821	1.0424
2822	1.0424
2823	1.0424
2824	1.0424
2825	1.0424
2826	1.0424
2827	1.0424
2828	1.0424
2829	1.0424
2830	1.0424
2831	1.0424
2832	1.0424
2833	1.0424
2834	1.0424
2835	1.0424
2836	1.0424
2837	1.0424
2838	1.0424
2839	1.0424
2840	1.0424
2841	1.0424
2842	1.0424
2843	1.0424
2844	1.0424
2845	1.0424
2846	1.0424
2847	1.0424
2848	1.0424
2849	1.0424
2850	1.0424
2851	1.0424
2852	1.0424
2853	1.0424
2854	1.0424
2855	1.0424
2856	1.0424
2857	1.0424
2858	1.0424
2859	1.0424
2860	1.0424
2861	1.0424
2862	1.0424
2863	1.0424
2864	1.0424
2865	1.0424
2866	1.0424
2867	1.0424
2868	1.0424
2869	1.0424
2870	1.0424
2871	1.0424
2872	1.0424
2873	1.0424
2874	1.0424
2875	1.0424
2876	1.0424
2877	1.0424
2878	1.0424
2879	1.0424
2880	1.0424
2881	1.0424
2882	1.0424
2883	1.0424
2884	1.0424
2885	1.0424
2886	1.0424
2887	1.0424
2888	1.0424
2889	1.0424
2890	1.0424
2891	1.0424
2892	1.0424
2893	1.0424
2894	1.0424
2895	1.0424
2896	1.0424
2897	1.0424
2898	1.0424
2899	1.0424
2900	1.0424
2901	1.0424
2902	1.0424
2903	1.0424
2904	1.0424
2905	1.0424
2906	1.0424
2907	1.0424
2908	1.0424
2909	1.0424
2910	1.0424
2911	1.0424
2912	1.0424
2913	1.0424
2914	1.0424
2915	1.0424
2916	1.0424
2917	1.0424
2918	1.0424
2919	1.0424
2920	1.0424
2921	1.0424
2922	1.0424
2923	1.0424
2924	1.0424
2925	1.0424
2926	1.0424
2927	1.0424
2928	1.0424
2929	1.0424
2930	1.0424
2931	1.0424
2932	1.0424
2933	1.0424
2934	1.0424
2935	1.0424
2936	1.0424
2937	1.0424
2938	1.0424
2939	1.0424
2940	1.0424
2941	1.0424
2942	1.0424
2943	1.0424
2944	1.0424
2945	1.0424
2946	1.0424
2947	1.0424
2948	1.0424
2949	1.0424
2950	1.0424
2951	1.0424
2952	1.0424
2953	1.0424
2954	1.0424
2955	1.0424
2956	1.0424
2957	1.0424
2958	1.0424
2959	1.0424
2960	1.0424
2961	1.0424
2962	1.0424
2963	1.0424
2964	1.0424
2965	1.0424
2966	1.0424
2967	1.0424
2968	1.0424
2969	1.0424
2970	1.0424
2971	1.0424
2972	1.0424
2973	1.0424
2974	1.0424
2975	1.0424
2976	1.0424
2977	1.0424
2978	1.0424
2979	1.0424
2980	1.0424
2981	1.0424
2982	1.0424
2983	1.0424
2984	1.0424
2985	1.0424
2986	1.0424
2987	1.0424
2988	1.0424
2989	1.0424
2990	1.0424
2991	1.0424
2992	1.0424
2993	1.0424
2994	1.0424
2995	1.0424
2996	1.0424
2997	1.0424
2998	1.0424
2999	1.0424
3000	1.0424
3001	1.0424
3002	1.0424
3003	1.0424
3004	1.0424
3005	1.0424
3006	1.0424
3007	1.0424
3008	1.0424
3009	1.0424
3010	1.0424
3011	1.0424
3012	1.0424
3013	1.0424
3014	1.0424
3015	1.0424
3016	1.0424
3017	1.0424
3018	1.0424
3019	1.0424
3020	1.0424
3021	1.0424
3022	1.0424
3023	1.0424
3024	1.0424
3025	1.0424
3026	1.0424
3027	1.0424
3028	1.0424
3029	1.0424
3030	1.0424
3031	1.0424
3032	1.0424
3033	1.0424
3034	1.0424
3035	1.0424
3036	1.0424
3037	1.0424
3038	1.0424
3039	1.0424
3040	1.0424
3041	1.0424
3042	1.0424
3043	1.0424
3044	1.0424
3045	1.0424
3046	1.0424
3047	1.0424
3048	1.0424
3049	1.0424
3050	1.0424
3051	1.0424
3052	1.0424
3053	1.0424
3054	1.0424
3055	1.0424
3056	1.0424
3057	1.0424
3058	1.0424
3059	1.0424
3060	1.0424
3061	1.0424
3062	1.0424
3063	1.0424
3064	1.0424
3065	1.0424
3066	1.0424
3067	1.0424
3068	1.0424
3069	1.0424
3070	1.0424
3071	1.0424
3072	1.0424
3073	1.0424
3074	1.0424
3075	1.0424
3076	1.0424
3077	1.0424
3078	1.0424
3079	1.0424
3080	1.0424
3081	1.0424
3082	1.0424
3083	1.0424
3084	1.0424
3085	1.0424
3086	1.0424
3087	1.0424
3088	1.0424
3089	1.0424
3090	1.0424
3091	1.0424
3092	1.0424
3093	1.0424
3094	1.0424
3095	1.0424
3096	1.0424
3097	1.0424
3098	1.0424
3099	1.0424
3100	1.0424
3101	1.0424
3102	1.0424
3103	1.0424
3104	1.0424
3105	1.0424
3106	1.0424
3107	1.0424
3108	1.0424
3109	1.0424
3110	1.0424
3111	1.0424
3112	1.0424
3113	1.0424
3114	1.0424
3115	1.0424
3116	1.0424
3117	1.0424
3118	1.0424
3119	1.0424
3120	1.0424
3121	1.0424
3122	1.0424
3123	1.0424
3124	1.0424
3125	1.0424
3126	1.0424
3127	1.0424
3128	1.0424
3129	1.0424
3130	1.0424
3131	1.0424
3132	1.0424
3133	1.0424
3134	1.0424
3135	1.0424
3136	1.0424
3137	1.0424
3138	1.0424
3139	1.0424
3140	1.0424
3141	1.0424
3142	1.0424
3143	1.0424
3144	1.0424
3145	1.0424
3146	1.0424
3147	1.0424
3148	1.0424
3149	1.0424
3150	1.0424
3151	1.0424
3152	1.0424
3153	1.0424
3154	1.0424
3155	1.0424
3156	1.0424
3157	1.0424
3158	1.0424
3159	1.0424
3160	1.0424
3161	1.0424
3162	1.0424
3163	1.0424
3164	1.0424
3165	1.0424
3166	1.0424
3167	1.0424
3168	1.0424
3169	1.0424
3170	1.0424
3171	1.0424
3172	1.0424
3173	1.0424
3174	1.0424
3175	1.0424
3176	1.0424
3177	1.0424
3178	1.0424
3179	1.0424
3180	1.0424
3181	1.0424
3182	1.0424
3183	1.0424
3184	1.0424
3185	1.0424
3186	1.0424
3187	1.0424
3188	1.0424
3189	1.0424
3190	1.0424
3191	1.0424
3192	1.0424
3193	1.0424
3194	1.0424
3195	1.0424
3196	1.0424
3197	1.0424
3198	1.0424
3199	1.0424
3200	1.0424
3201	1.0424
3202	1.0424
3203	1.0424
3204	1.0424
3205	1.0424
3206	1.0424
3207	1.0424
3208	1.0424
3209	1.0424
3210	1.0424
3211	1.0424
3212	1.0424
3213	1.0424
3214	1.0424
3215	1.0424
3216	1.0424
3217	1.0424
3218	1.0424
3219	1.0424
3220	1.0424
3221	1.0424
3222	1.0424
3223	1.0424
3224	1.0424
3225	1.0424
3226	1.0424
3227	1.0424
3228	1.0424
3229	1.0424
3230	1.0424
3231	1.0424
3232	1.0424
3233	1.0424
3234	1.0424
3235	1.0424
3236	1.0424
3237	1.0424
3238	1.0424
3239	1.0424
3240	1.0424
3241	1.0424
3242	1.0424
3243	1.0424
3244	1.0424
3245	1.0424
3246	1.0424
3247	1.0424
3248	1.0424
3249	1.0424
3250	1.0424
3251	1.0424
3252	1.0424
3253	1.0424
3254	1.0424
3255	1.0424
3256	1.0424
3257	1.0424
3258	1.0424
3259	1.0424
3260	1.0424
3261	1.0424
3262	1.0424
3263	1.0424
3264	1.0424
3265	1.0424
3266	1.0424
3267	1.0424
3268	1.0424
3269	1.0424
3270	1.0424
3271	1.0424
3272	1.0424
3273	1.0424
3274	1.0424
3275	1.0424
3276	1.0424
3277	1.0424
3278	1.0424
3279	1.0424
3280	1.0424
3281	1.0424
3282	1.0424
3283	1.0424
3284	1.0424
3285	1.0424
3286	1.0424
3287	1.0424
3288	1.0424
3289	1.0424
3290	1.0424
3291	1.0424
3292	1.0424
3293	1.0424
3294	1.0424
3295	1.0424
3296	1.0424
3297	1.0424
3298	1.0424
3299	1.0424
3300	1.0424
3301	1.0424
3302	1.0424
3303	1.0424
3304	1.0424
3305	1.0424
3306	1.0424
3307	1.0424
3308	1.0424
3309	1.0424
3310	1.0424
3311	1.0424
3312	1.0424
3313	1.0424
3314	1.0424
3315	1.0424
3316	1.0424
3317	1.0424
3318	1.0424
3319	1.0424
3320	1.0424
3321	1.0424
3322	1.0424
3323	1.0424
3324	1.0424
3325	1.0424
3326	1.0424
3327	1.0424
3328	1.0424
3329	1.0424
3330	1.0424
3331	1.0424
3332	1.0424
3333	1.0424
3334	1.0424
3335	1.0424
3336	1.0424
3337	1.0424
3338	1.0424
3339	1.0424
3340	1.0424
3341	1.0424
3342	1.0424
3343	1.0424
3344	1.0424
3345	1.0424
3346	1.0424
3347	1.0424
3348	1.0424
3349	1.0424
3350	1.0424
3351	1.0424
3352	1.0424
3353	1.0424
3354	1.0424
3355	1.0424
3356	1.0424
3357	1.0424
3358	1.0424
3359	1.0424
3360	1.0424
3361	1.0424
3362	1.0424
3363	1.0424
3364	1.0424
3365	1.0424
3366	1.0424
3367	1.0424
3368	1.0424
3369	1.0424
3370	1.0424
3371	1.0424
3372	1.0424
3373	1.0424
3374	1.0424
3375	1.0424
3376	1.0424
3377	1.0424
3378	1.0424
3379	1.0424
3380	1.0424
3381	1.0424
3382	1.0424
3383	1.0424
3384	1.0424
3385	1.0424
3386	1.0424
3387	1.0424
3388	1.0424
3389	1.0424
3390	1.0424
3391	1.0424
3392	1.0424
3393	1.0424
3394	1.0424
3395	1.0424
3396	1.0424
3397	1.0424
3398	1.0424
3399	1.0424
3400	1.0424
3401	1.0424
3402	1.0424
3403	1.0424
3404	1.0424
3405	1.0424
3406	1.0424
3407	1.0424
3408	1.0424
3409	1.0424
3410	1.0424
3411	1.0424
3412	1.0424
3413	1.0424
3414	1.0424
3415	1.0424
3416	1.0424
3417	1.0424
3418	1.0424
3419	1.0424
3420	1.0424
3421	1.0424
3422	1.0424
3423	1.0424
3424	1.0424
3425	1.0424
3426	1.0424
3427	1.0424
3428	1.0424
3429	1.0424
3430	1.0424
3431	1.0424
3432	1.0424
3433	1.0424
3434	1.0424
3435	1.0424
3436	1.0424
3437	1.0424
3438	1.0424
3439	1.0424
3440	1.0424
3441	1.0424
3442	1.0424
3443	1.0424
3444	1.0424
3445	1.0424
3446	1.0424
3447	1.0424
3448	1.0424
3449	1.0424
3450	1.0424
3451	1.0424
3452	1.0424
3453	1.0424
3454	1.0424
3455	1.0424
3456	1.0424
3457	1.0424
3458	1.0424
3459	1.0424
3460	1.0424
3461	1.0424
3462	1.0424
3463	1.0424
3464	1.0424
3465	1.0424
3466	1.0424
3467	1.0424
3468	1.0424
3469	1.0424
3470	1.0424
3471	1.0424
3472	1.0424
3473	1.0424
3474	1.0424
3475	1.0424
3476	1.0424
3477	1.0424
3478	1.0424
3479	1.0424
3480	1.0424
3481	1.0424
3482	1.0424
3483	1.0424
3484	1.0424
3485	1.0424
3486	1.0424
3487	1.0424
3488	1.0424
3489	1.0424
3490	1.0424
3491	1.0424
3492	1.0424
3493	1.0424
3494	1.0424
3495	1.0424
3496	1.0424
3497	1.0424
3498	1.0424
3499	1.0424
3500	1.0424
3501	1.0424
3502	1.0424
3503	1.0424
3504	1.0424
3505	1.0424
3506	1.0424
3507	1.0424
3508	1.0424
3509	1.0424
3510	1.0424
3511	1.0424
3512	1.0424
3513	1.0424
3514	1.0424
3515	1.0424
3516	1.0424
3517	1.0424
3518	1.0424
3519	1.0424
3520	1.0424
3521	1.0424
3522	1.0424
3523	1.0424
3524	1.0424
3525	1.0424
3526	1.0424
3527	1.0424
3528	1.0424
3529	1.0424
3530	1.0424
3531	1.0424
3532	1.0424
3533	1.0424
3534	1.0424
3535	1.0424
3536	1.0424
3537	1.0424
3538	1.0424
3539	1.0424
3540	1.0424
3541	1.0424
3542	1.0424
3543	1.0424
3544	1.0424
3545	1.0424
3546	1.0424
3547	1.0424
3548	1.0424
3549	1.0424
3550	1.0424
3551	1.0424
3552	1.0424
3553	1.0424
3554	1.0424
3555	1.0424
3556	1.0424
3557	1.0424
3558	1.0424
3559	1.0424
3560	1.0424
3561	1.0424
3562	1.0424
3563	1.0424
3564	1.0424
3565	1.0424
3566	1.0424
3567	1.0424
3568	1.0424
3569	1.0424
3570	1.0424
3571	1.0424
3572	1.0424
3573	1.0424
3574	1.0424
3575	1.0424
3576	1.0424
3577	1.0424
3578	1.0424
3579	1.0424
3580	1.0424
3581	1.0424
3582	1.0424
3583	1.0424
3584	1.0424
3585	1.0424
3586	1.0424
3587	1.0424
3588	1.0424
3589	1.0424
3590	1.0424
3591	1.0424
3592	1.0424
3593	1.0424
3594	1.0424
3595	1.0424
3596	1.0424
3597	1.0424
3598	1.0424
3599	1.0424
3600	1.0424
3601	1.0424
3602	1.0424
3603	1.0424
3604	1.0424
3605	1.0424
3606	1.0424
3607	1.0424
3608	1.0424
3609	1.0424
3610	1.0424
3611	1.0424
3612	1.0424
3613	1.0424
3614	1.0424
3615	1.0424
3616	1.0424
3617	1.0424
3618	1.0424
3619	1.0424
3620	1.0424
3621	1.0424
3622	1.0424
3623	1.0424
3624	1.0424
3625	1.0424
3626	1.0424
3627	1.0424
3628	1.0424
3629	1.0424
3630	1.0424
3631	1.0424
3632	1.0424
3633	1.0424
3634	1.0424
3635	1.0424
3636	1.0424
3637	1.0424
3638	1.0424
3639	1.0424
3640	1.0424
3641	1.0424
3642	1.0424
3643	1.0424
3644	1.0424
3645	1.0424
3646	1.0424
3647	1.0424
3648	1.0424
3649	1.0424
3650	1.0424
3651	1.0424
3652	1.0424
3653	1.0424
3654	1.0424
3655	1.0424
3656	1.0424
3657	1.0424
3658	1.0424
3659	1.0424
3660	1.0424
3661	1.0424
3662	1.0424
3663	1.0424
3664	1.0424
3665	1.0424
3666	1.0424
3667	1.0424
3668	1.0424
3669	1.0424
3670	1.0424
3671	1.0424
3672	1.0424
3673	1.0424
3674	1.0424
3675	1.0424
3676	1.0424
3677	1.0424
3678	1.0424
3679	1.0424
3680	1.0424
3681	1.0424
3682	1.0424
3683	1.0424
3684	1.0424
3685	1.0424
3686	1.0424
3687	1.0424
3688	1.0424
3689	1.0424
3690	1.0424
3691	1.0424
3692	1.0424
3693	1.0424
3694	1.0424
3695	1.0424
3696	1.0424
3697	1.0424
3698	1.0424
3699	1.0424
3700	1.0424
3701	1.0424
3702	1.0424
3703	1.0424
3704	1.0424
3705	1.0424
3706	1.0424
3707	1.0424
3708	1.0424
3709	1.0424
3710	1.0424
3711	1.0424
3712	1.0424
3713	1.0424
3714	1.0424
3715	1.0424
3716	1.0424
3717	1.0424
3718	1.0424
3719	1.0424
3720	1.0424
3721	1.0424
3722	1.0424
3723	1.0424
3724	1.0424
3725	1.0424
3726	1.0424
3727	1.0424
3728	1.0424
3729	1.0424
3730	1.0424
3731	1.0424
3732	1.0424
3733	1.0424
3734	1.0424
3735	1.0424
3736	1.0424
3737	1.0424
3738	1.0424
3739	1.0424
3740	1.0424
3741	1.0424
3742	1.0424
3743	1.0424
3744	1.0424
3745	1.0424
3746	1.0424
3747	1.0424
3748	1.0424
3749	1.0424
3750	1.0424
3751	1.0424
3752	1.0424
3753	1.0424
3754	1.0424
3755	1.0424
3756	1.0424
3757	1.0424
3758	1.0424
3759	1.0424
3760	1.0424
3761	1.0424
3762	1.0424
3763	1.0424
3764	1.0424
3765	1.0424
3766	1.0424
3767	1.0424
3768	1.0424
3769	1.0424
3770	1.0424
3771	1.0424
3772	1.0424
3773	1.0424
3774	1.0424
3775	1.0424
3776	1.0424
3777	1.0424
3778	1.0424
3779	1.0424
3780	1.0424
3781	1.0424
3782	1.0424
3783	1.0424
3784	1.0424
3785	1.0424
3786	1.0424
3787	1.0424
3788	1.0424
3789	1.0424
3790	1.0424
3791	1.0424
3792	1.0424
3793	1.0424
3794	1.0424
3795	1.0424
3796	1.0424
3797	1.0424
3798	1.0424
3799	1.0424
3800	1.0424
3801	1.0424
3802	1.0424
3803	1.0424
3804	1.0424
3805	1.0424
3806	1.0424
3807	1.0424
3808	1.0424
3809	1.0424
3810	1.0424
3811	1.0424
3812	1.0424
3813	1.0424
3814	1.0424
3815	1.0424
3816	1.0424
3817	1.0424
3818	1.0424
3819	1.0424
3820	1.0424
3821	1.0424
3822	1.0424
3823	1.0424
3824	1.0424
3825	1.0424
3826	1.0424
3827	1.0424
3828	1.0424
3829	1.0424
3830	1.0424
3831	1.0424
3832	1.0424
3833	1.0424
3834	1.0424
3835	1.0424
3836	1.0424
3837	1.0424
3838	1.0424
3839	1.0424
3840	1.0424
3841	1.0424
3842	1.0424
3843	1.0424
3844	1.0424
3845	1.0424
3846	1.0424
3847	1.0424
3848	1.0424
3849	1.0424
3850	1.0424
3851	1.0424
3852	1.0424
3853	1.0424
3854	1.0424
3855	1.0424
3856	1.0424
3857	1.0424
3858	1.0424
3859	1.0424
3860	1.0424
3861	1.0424
3862	1.0424
3863	1.0424
3864	1.0424
3865	1.0424
3866	1.0424
3867	1.0424
3868	1.0424
3869	1.0424
3870	1.0424
3871	1.0424
3872	1.0424
3873	1.0424
3874	1.0424
3875	1.0424
3876	1.0424
3877	1.0424
3878	1.0424
3879	1.0424
3880	1.0424
3881	1.0424
3882	1.0424
3883	1.0424
3884	1.0424
3885	1.0424
3886	1.0424
3887	1.0424
3888	1.0424
3889	1.0424
3890	1.0424
3891	1.0424
3892	1.0424
3893	1.0424
3894	1.0424
3895	1.0424
3896	1.0424
3897	1.0424
3898	1.0424
3899	1.0424
3900	1.0424
3901	1.0424
3902	1.0424
3903	1.0424
3904	1.0424
3905	1.0424
3906	1.0424
3907	1.0424
3908	1.0424
3909	1.0424
3910	1.0424
3911	1.0424
3912	1.0424
3913	1.0424
3914	1.0424
3915	1.0424
3916	1.0424
3917	1.0424
3918	1.0424
3919	1.0424
3920	1.0424
3921	1.0424
3922	1.0424
3923	1.0424
3924	1.0424
3925	1.0424
3926	1.0424
3927	1.0424
3928	1.0424
3929	1.0424
3930	1.0424
3931	1.0424
3932	1.0424
3933	1.0424
3934	1.0424
3935	1.0424
3936	1.0424
3937	1.0424
3938	1.0424
3939	1.0424
3940	1.0424
3941	1.0424
3942	1.0424
3943	1.0424
3944	1.0424
3945	1.0424
3946	1.0424
3947	1.0424
3948	1.0424
3949	1.0424
3950	1.0424
3951	1.0424
3952	1.0424
3953	1.0424
3954	1.0424
3955	1.0424
3956	1.0424
3957	1.0424
3958	1.0424
3959	1.0424
3960	1.0424
3961	1.0424
3962	1.0424
3963	1.0424
3964	1.0424
3965	1.0424
3966	1.0424
3967	1.0424
3968	1.0424
3969	1.0424
3970	1.0424
3971	1.0424
3972	1.0424
3973	1.0424
3974	1.0424
3975	1.0424
3976	1.0424
3977	1.0424
3978	1.0424
3979	1.0424
3980	1.0424
3981	1.0424
3982	1.0424
3983	1.0424
3984	1.0424
3985	1.0424
3986	1.0424
3987	1.0424
3988	1.0424
3989	1.0424
3990	1.0424
3991	1.0424
3992	1.0424
3993	1.0424
3994	1.0424
3995	1.0424
3996	1.0424
3997	1.0424
3998	1.0424
3999	1.0424
4000	1.0424
4001	1.0424
4002	1.0424
4003	1.0424
4004	1.0424
4005	1.0424
4006	1.0424
4007	1.0424
4008	1.0424
4009	1.0424
4010	1.0424
4011	1.0424
4012	1.0424
4013	1.0424
4014	1.0424
4015	1.0424
4016	1.0424
4017	1.0424
4018	1.0424
4019	1.0424
4020	1.0424
4021	1.0424
4022	1.0424
4023	1.0424
4024	1.0424
4025	1.0424
4026	1.0424
4027	1.0424
4028	1.0424
4029	1.0424
4030	1.0424
4031	1.0424
4032	1.0424
4033	1.0424
4034	1.0424
4035	1.0424
4036	1.0424
4037	1.0424
4038	1.0424
4039	1.0424
4040	1.0424
4041	1.0424
4042	1.0424
4043	1.0424
4044	1.0424
4045	1.0424
4046	1.0424
4047	1.0424
4048	1.0424
4049	1.0424
4050	1.0424
4051	1.0424
4052	1.0424
4053	1.0424
4054	1.0424
4055	1.0424
4056	1.0424
4057	1.0424
4058	1.0424
4059	1.0424
4060	1.0424
4061	1.0424
4062	1.0424
4063	1.0424
4064	1.0424
4065	1.0424
4066	1.0424
4067	1.0424
4068	1.0424
4069	1.0424
4070	1.0424
4071	1.0424
4072	1.0424
4073	1.0424
4074	1.0424
4075	1.0424
4076	1.0424
4077	1.0424
4078	1.0424
4079	1.0424
4080	1.0424
4081	1.0424
4082	1.0424
4083	1.0424
4084	1.0424
4085	1.0424
4086	1.0424
4087	1.0424
4088	1.0424
4089	1.0424
4090	1.0424
4091	1.0424
4092	1.0424
4093	1.0424
4094	1.0424
4095	1.0424
